#
# A fatal error has been detected by the Java Runtime Environment:
#
#  SIGSEGV (0xb) at pc=0x000000010ed6975a, pid=90758, tid=12547
#
# JRE version: OpenJDK Runtime Environment (11.0.2+9) (build 11.0.2+9-b159.56)
# Java VM: OpenJDK 64-Bit Server VM (11.0.2+9-b159.56, mixed mode, tiered, compressed oops, g1 gc, bsd-amd64)
# Problematic frame:
# V  [libjvm.dylib+0x36975a]  CodeHeap::next(void*) const+0x44
#
# No core dump will be written. Core dumps have been disabled. To enable core dumping, try "ulimit -c unlimited" before starting Java again
#
# If you would like to submit a bug report, please visit:
#   http://bugreport.java.com/bugreport/crash.jsp
#

---------------  S U M M A R Y ------------

Command Line: -ea -Didea.test.cyclic.buffer.size=1048576 -javaagent:/Applications/IntelliJ IDEA CE.app/Contents/lib/idea_rt.jar=58602:/Applications/IntelliJ IDEA CE.app/Contents/bin -Dfile.encoding=UTF-8 org.testng.RemoteTestNGStarter -usedefaultlisteners false -socket58601 @w@/private/var/folders/s2/qp_6fl_9243f8qvl993jd2vr0000gp/T/idea_working_dirs_testng1.tmp -temp /private/var/folders/s2/qp_6fl_9243f8qvl993jd2vr0000gp/T/idea_testng1.tmp

Host: MacBookPro15,1 x86_64 2600 MHz, 12 cores, 16G, Darwin 19.6.0
Time: Tue Nov 17 12:09:43 2020 IST elapsed time: 2 seconds (0d 0h 0m 2s)

---------------  T H R E A D  ---------------

Current thread (0x00007fcc1403f000):  VMThread "VM Thread" [stack: 0x000070000c740000,0x000070000c840000] [id=12547]

Stack: [0x000070000c740000,0x000070000c840000],  sp=0x000070000c83fa80,  free space=1022k
Native frames: (J=compiled Java code, A=aot compiled Java code, j=interpreted, Vv=VM code, C=native code)
V  [libjvm.dylib+0x36975a]  CodeHeap::next(void*) const+0x44
V  [libjvm.dylib+0x2fd383]  CodeBlobIterator<CompiledMethod, CompiledMethodFilter>::next_blob()+0x33
V  [libjvm.dylib+0x2fd31f]  CodeBlobIterator<CompiledMethod, CompiledMethodFilter>::next()+0xf
V  [libjvm.dylib+0x20067d]  CodeBlobIterator<CompiledMethod, CompiledMethodFilter>::next_alive()+0x11
V  [libjvm.dylib+0x201786]  CodeCache::make_marked_nmethods_not_entrant()+0x82
V  [libjvm.dylib+0x7499ce]  VM_Deoptimize::doit()+0x4a
V  [libjvm.dylib+0x749793]  VM_Operation::evaluate()+0xd5
V  [libjvm.dylib+0x748daa]  VMThread::evaluate_operation(VM_Operation*)+0x13a
V  [libjvm.dylib+0x7487f7]  VMThread::loop()+0xed
V  [libjvm.dylib+0x74861c]  VMThread::run()+0x6e
V  [libjvm.dylib+0x6eca9a]  Thread::call_run()+0x60
V  [libjvm.dylib+0x5f1563]  thread_native_entry(Thread*)+0x139
C  [libsystem_pthread.dylib+0x6109]  _pthread_start+0x94
C  [libsystem_pthread.dylib+0x1b8b]  thread_start+0xf


siginfo: si_signo: 11 (SIGSEGV), si_code: 1 (SEGV_MAPERR), si_addr: 0x0000000115db1388

Register to memory mapping:

RAX=0x0000000000004b24 is an unknown value
RBX=0x00007fcc11b046e0 points into unknown readable memory: 78 93 2c 0f 01 00 00 00
RCX=0x0000000000000007 is an unknown value
RDX=0x0000000115d83000 points into unknown readable memory: 0c 00 00 00 00 00 00 00
RSP=0x000070000c83fa80 points into unknown readable memory: 16 97 d6 0e 01 00 00 00
RBP=0x000070000c83fa90 points into unknown readable memory: b0 fa 83 0c 00 70 00 00
RSI=189312 is a compressed pointer to class: 0x000000080002e380
RDI=
[error occurred during error reporting (printing register info), id 0xb, SIGSEGV (0xb) at pc=0x000000010ed694d8]

Registers:
RAX=0x0000000000004b24, RBX=0x00007fcc11b046e0, RCX=0x0000000000000007, RDX=0x0000000115d83000
RSP=0x000070000c83fa80, RBP=0x000070000c83fa90, RSI=0x000000000002e380, RDI=0x0000000115db1380
R8 =0x0000000115d83000, R9 =0x000070000dda8b38, R10=0x0000000000000800, R11=0x0000000000000000
R12=0x000000010f326430, R13=0x0000000000000000, R14=0x00007fcc11b046e0, R15=0x000000000000000a
RIP=0x000000010ed6975a, EFLAGS=0x0000000000010202, ERR=0x0000000000000004
  TRAPNO=0x000000000000000e

Top of Stack: (sp=0x000070000c83fa80)
0x000070000c83fa80:   000000010ed69716 000070000c83fb08
0x000070000c83fa90:   000070000c83fab0 000000010ecfd383
0x000070000c83faa0:   000070000c83fb08 000070000c83fb08
0x000070000c83fab0:   000070000c83fad0 000000010ecfd31f
0x000070000c83fac0:   000070000c83fb08 000070000c83fb08
0x000070000c83fad0:   000070000c83faf0 000000010ec0067d
0x000070000c83fae0:   000000010f2d0a01 0000000115db0e10
0x000070000c83faf0:   000070000c83fb40 000000010ec01786
0x000070000c83fb00:   000070000c83fb30 0000000115db0e10
0x000070000c83fb10:   00007fcc0ff04820 0000700000000001
0x000070000c83fb20:   00007fcc0ff04820 0000000000000002
0x000070000c83fb30:   000070000c83fb58 000000010f3338e0
0x000070000c83fb40:   000070000c83fb90 000000010f1499ce
0x000070000c83fb50:   000070000c83fce0 00007fcc11a0a700
0x000070000c83fb60:   00007fcc0ff0c430 00007fcc0ff0c440
0x000070000c83fb70:   00007fcc0ff0c818 00000000000003d8
0x000070000c83fb80:   000070000d692848 000000010f1e2ec6
0x000070000c83fb90:   000070000c83fc90 000000010f149793
0x000070000c83fba0:   000070000c83fdb0 00007fcc11a0a700
0x000070000c83fbb0:   00007fcc0ff0c430 00007fcc0ff0c440
0x000070000c83fbc0:   00007fcc0ff0c818 00000000000003d8
0x000070000c83fbd0:   0c4b865829b0004d 0000000000000100
0x000070000c83fbe0:   0000000000000000 0000000000000000
0x000070000c83fbf0:   000070000c83fd00 000000010f346e88
0x000070000c83fc00:   000070000c83fc20 000000010f2cd688
0x000070000c83fc10:   00007fcc0ff07750 0000000c00000000
0x000070000c83fc20:   0000000000000000 0000000000000010
0x000070000c83fc30:   0000000000000000 0000000000000000
0x000070000c83fc40:   00007fcc1403f000 00007fcc0ff154b0
0x000070000c83fc50:   000070000c83fc60 000000010eff1927
0x000070000c83fc60:   000070000c83fc70 000000010eff1909
0x000070000c83fc70:   0c4b865829b0004d 000070000d692848 

Instructions: (pc=0x000000010ed6975a)
0x000000010ed6973a:   01 00 00 48 d3 fe 48 03 30 48 8b 83 08 01 00 00
0x000000010ed6974a:   48 39 c6 73 34 48 d3 e6 48 89 d7 48 01 f7 74 29
0x000000010ed6975a:   80 7f 08 00 74 07 48 8d 44 32 10 eb 1e 48 89 fe
0x000000010ed6976a:   48 29 d6 48 d3 fe 48 03 37 48 39 c6 73 0b 48 d3 

Stack slot to memory mapping:
stack at sp + 0 slots: 0x000000010ed69716: _ZNK8CodeHeap4nextEPv+0 in /Applications/IntelliJ IDEA CE.app/Contents/jdk/Contents/Home/lib/server/libjvm.dylib at 0x000000010ea00000
stack at sp + 1 slots: 0x000070000c83fb08 points into unknown readable memory: 10 0e db 15 01 00 00 00
stack at sp + 2 slots: 0x000070000c83fab0 points into unknown readable memory: d0 fa 83 0c 00 70 00 00
stack at sp + 3 slots: 0x000000010ecfd383: _ZN16CodeBlobIteratorI14CompiledMethod20CompiledMethodFilterE9next_blobEv+0x33 in /Applications/IntelliJ IDEA CE.app/Contents/jdk/Contents/Home/lib/server/libjvm.dylib at 0x000000010ea00000
stack at sp + 4 slots: 0x000070000c83fb08 points into unknown readable memory: 10 0e db 15 01 00 00 00
stack at sp + 5 slots: 0x000070000c83fb08 points into unknown readable memory: 10 0e db 15 01 00 00 00
stack at sp + 6 slots: 0x000070000c83fad0 points into unknown readable memory: f0 fa 83 0c 00 70 00 00
stack at sp + 7 slots: 0x000000010ecfd31f: _ZN16CodeBlobIteratorI14CompiledMethod20CompiledMethodFilterE4nextEv+0xf in /Applications/IntelliJ IDEA CE.app/Contents/jdk/Contents/Home/lib/server/libjvm.dylib at 0x000000010ea00000

VM_Operation (0x000070000d692848): Deoptimize, mode: safepoint, requested by thread 0x00007fcc110f1800


---------------  P R O C E S S  ---------------

Threads class SMR info:
_java_thread_list=0x00007fcc0ff154b0, length=16, elements={
0x00007fcc12808800, 0x00007fcc1309a000, 0x00007fcc1404a000, 0x00007fcc1404b000,
0x00007fcc1404f000, 0x00007fcc10010000, 0x00007fcc130aa000, 0x00007fcc130cc000,
0x00007fcc110e6800, 0x00007fcc12814800, 0x00007fcc12828800, 0x00007fcc14342000,
0x00007fcc110f1800, 0x00007fcc13106000, 0x00007fcc14052800, 0x00007fcc10332800
}

Java Threads: ( => current thread )
  0x00007fcc12808800 JavaThread "main" [_thread_blocked, id=6147, stack(0x000070000c12e000,0x000070000c22e000)]
  0x00007fcc1309a000 JavaThread "Reference Handler" daemon [_thread_blocked, id=13059, stack(0x000070000c843000,0x000070000c943000)]
  0x00007fcc1404a000 JavaThread "Finalizer" daemon [_thread_blocked, id=18691, stack(0x000070000c946000,0x000070000ca46000)]
  0x00007fcc1404b000 JavaThread "Signal Dispatcher" daemon [_thread_blocked, id=15107, stack(0x000070000cb4f000,0x000070000cc4f000)]
  0x00007fcc1404f000 JavaThread "C2 CompilerThread0" daemon [_thread_blocked, id=15619, stack(0x000070000cc52000,0x000070000cd52000)]
  0x00007fcc10010000 JavaThread "C1 CompilerThread0" daemon [_thread_blocked, id=16131, stack(0x000070000cd55000,0x000070000ce55000)]
  0x00007fcc130aa000 JavaThread "Sweeper thread" daemon [_thread_blocked, id=43267, stack(0x000070000ce58000,0x000070000cf58000)]
  0x00007fcc130cc000 JavaThread "Common-Cleaner" daemon [_thread_blocked, id=42755, stack(0x000070000cf5b000,0x000070000d05b000)]
  0x00007fcc110e6800 JavaThread "Monitor Ctrl-Break" daemon [_thread_in_native, id=41987, stack(0x000070000d161000,0x000070000d261000)]
  0x00007fcc12814800 JavaThread "Service Thread" daemon [_thread_blocked, id=23299, stack(0x000070000d264000,0x000070000d364000)]
  0x00007fcc12828800 JavaThread "process reaper" daemon [_thread_in_native, id=41219, stack(0x000070000d56d000,0x000070000d591000)]
  0x00007fcc14342000 JavaThread "Exec Default Executor" daemon [_thread_blocked, id=24839, stack(0x000070000d46a000,0x000070000d56a000)]
  0x00007fcc110f1800 JavaThread "UrlChecker-2" daemon [_thread_blocked, id=40711, stack(0x000070000d594000,0x000070000d694000)]
  0x00007fcc13106000 JavaThread "Exec Stream Pumper" daemon [_thread_blocked, id=25095, stack(0x000070000d697000,0x000070000d797000)]
  0x00007fcc14052800 JavaThread "Exec Stream Pumper" daemon [_thread_in_native, id=39683, stack(0x000070000dca9000,0x000070000dda9000)]
  0x00007fcc10332800 JavaThread "Attach Listener" daemon [_thread_blocked, id=39171, stack(0x000070000ddac000,0x000070000deac000)]

Other Threads:
=>0x00007fcc1403f000 VMThread "VM Thread" [stack: 0x000070000c740000,0x000070000c840000] [id=12547]
  0x00007fcc10052000 WatcherThread [stack: 0x000070000d367000,0x000070000d467000] [id=23811]
  0x00007fcc1300c000 GCTaskThread "GC Thread#0" [stack: 0x000070000c231000,0x000070000c331000] [id=11011]
  0x00007fcc1080f000 GCTaskThread "GC Thread#1" [stack: 0x000070000d79a000,0x000070000d89a000] [id=26371]
  0x00007fcc128ff000 GCTaskThread "GC Thread#2" [stack: 0x000070000d89d000,0x000070000d99d000] [id=26627]
  0x00007fcc130e3800 GCTaskThread "GC Thread#3" [stack: 0x000070000d9a0000,0x000070000daa0000] [id=26883]
  0x00007fcc130fe800 GCTaskThread "GC Thread#4" [stack: 0x000070000daa3000,0x000070000dba3000] [id=27395]
  0x00007fcc10307000 GCTaskThread "GC Thread#5" [stack: 0x000070000dba6000,0x000070000dca6000] [id=39939]
  0x00007fcc1403d800 ConcurrentGCThread "G1 Main Marker" [stack: 0x000070000c334000,0x000070000c434000] [id=11267]
  0x00007fcc1300c800 ConcurrentGCThread "G1 Conc#0" [stack: 0x000070000c437000,0x000070000c537000] [id=11779]
  0x00007fcc13079000 ConcurrentGCThread "G1 Refine#0" [stack: 0x000070000c53a000,0x000070000c63a000] [id=19715]
  0x00007fcc15808800 ConcurrentGCThread "G1 Young RemSet Sampling" [stack: 0x000070000c63d000,0x000070000c73d000] [id=19459]

Threads with active compile tasks:

VM state:at safepoint (normal execution)

VM Mutex/Monitor currently owned by a thread:  ([mutex/lock_event])
[0x00007fcc0ff077d0] Threads_lock - owner thread: 0x00007fcc1403f000
[0x00007fcc0ff08350] Compile_lock - owner thread: 0x00007fcc110f1800

Heap address: 0x0000000700000000, size: 4096 MB, Compressed Oops mode: Zero based, Oop shift amount: 3
Narrow klass base: 0x0000000800000000, Narrow klass shift: 0
Compressed class space size: 1073741824 Address: 0x0000000800000000

Heap:
 garbage-first heap   total 262144K, used 8589K [0x0000000700000000, 0x0000000800000000)
  region size 1024K, 8 young (8192K), 3 survivors (3072K)
 Metaspace       used 15491K, capacity 15756K, committed 16000K, reserved 1062912K
  class space    used 1731K, capacity 1808K, committed 1920K, reserved 1048576K
Heap Regions: E=young(eden), S=young(survivor), O=old, HS=humongous(starts), HC=humongous(continues), CS=collection set, F=free, A=archive, TAMS=top-at-mark-start (previous, next)
|   0|0x0000000700000000, 0x0000000700100000, 0x0000000700100000|100%| O|  |TAMS 0x0000000700000000, 0x0000000700000000| Untracked 
|   1|0x0000000700100000, 0x0000000700163600, 0x0000000700200000| 38%| O|  |TAMS 0x0000000700100000, 0x0000000700100000| Untracked 
|   2|0x0000000700200000, 0x0000000700200000, 0x0000000700300000|  0%| F|  |TAMS 0x0000000700200000, 0x0000000700200000| Untracked 
|   3|0x0000000700300000, 0x0000000700300000, 0x0000000700400000|  0%| F|  |TAMS 0x0000000700300000, 0x0000000700300000| Untracked 
|   4|0x0000000700400000, 0x0000000700400000, 0x0000000700500000|  0%| F|  |TAMS 0x0000000700400000, 0x0000000700400000| Untracked 
|   5|0x0000000700500000, 0x0000000700500000, 0x0000000700600000|  0%| F|  |TAMS 0x0000000700500000, 0x0000000700500000| Untracked 
|   6|0x0000000700600000, 0x0000000700600000, 0x0000000700700000|  0%| F|  |TAMS 0x0000000700600000, 0x0000000700600000| Untracked 
|   7|0x0000000700700000, 0x0000000700700000, 0x0000000700800000|  0%| F|  |TAMS 0x0000000700700000, 0x0000000700700000| Untracked 
|   8|0x0000000700800000, 0x0000000700800000, 0x0000000700900000|  0%| F|  |TAMS 0x0000000700800000, 0x0000000700800000| Untracked 
|   9|0x0000000700900000, 0x0000000700900000, 0x0000000700a00000|  0%| F|  |TAMS 0x0000000700900000, 0x0000000700900000| Untracked 
|  10|0x0000000700a00000, 0x0000000700a00000, 0x0000000700b00000|  0%| F|  |TAMS 0x0000000700a00000, 0x0000000700a00000| Untracked 
|  11|0x0000000700b00000, 0x0000000700b00000, 0x0000000700c00000|  0%| F|  |TAMS 0x0000000700b00000, 0x0000000700b00000| Untracked 
|  12|0x0000000700c00000, 0x0000000700c00000, 0x0000000700d00000|  0%| F|  |TAMS 0x0000000700c00000, 0x0000000700c00000| Untracked 
|  13|0x0000000700d00000, 0x0000000700d00000, 0x0000000700e00000|  0%| F|  |TAMS 0x0000000700d00000, 0x0000000700d00000| Untracked 
|  14|0x0000000700e00000, 0x0000000700e00000, 0x0000000700f00000|  0%| F|  |TAMS 0x0000000700e00000, 0x0000000700e00000| Untracked 
|  15|0x0000000700f00000, 0x0000000700f00000, 0x0000000701000000|  0%| F|  |TAMS 0x0000000700f00000, 0x0000000700f00000| Untracked 
|  16|0x0000000701000000, 0x0000000701000000, 0x0000000701100000|  0%| F|  |TAMS 0x0000000701000000, 0x0000000701000000| Untracked 
|  17|0x0000000701100000, 0x0000000701100000, 0x0000000701200000|  0%| F|  |TAMS 0x0000000701100000, 0x0000000701100000| Untracked 
|  18|0x0000000701200000, 0x0000000701200000, 0x0000000701300000|  0%| F|  |TAMS 0x0000000701200000, 0x0000000701200000| Untracked 
|  19|0x0000000701300000, 0x0000000701300000, 0x0000000701400000|  0%| F|  |TAMS 0x0000000701300000, 0x0000000701300000| Untracked 
|  20|0x0000000701400000, 0x0000000701400000, 0x0000000701500000|  0%| F|  |TAMS 0x0000000701400000, 0x0000000701400000| Untracked 
|  21|0x0000000701500000, 0x0000000701500000, 0x0000000701600000|  0%| F|  |TAMS 0x0000000701500000, 0x0000000701500000| Untracked 
|  22|0x0000000701600000, 0x0000000701600000, 0x0000000701700000|  0%| F|  |TAMS 0x0000000701600000, 0x0000000701600000| Untracked 
|  23|0x0000000701700000, 0x0000000701700000, 0x0000000701800000|  0%| F|  |TAMS 0x0000000701700000, 0x0000000701700000| Untracked 
|  24|0x0000000701800000, 0x0000000701800000, 0x0000000701900000|  0%| F|  |TAMS 0x0000000701800000, 0x0000000701800000| Untracked 
|  25|0x0000000701900000, 0x0000000701900000, 0x0000000701a00000|  0%| F|  |TAMS 0x0000000701900000, 0x0000000701900000| Untracked 
|  26|0x0000000701a00000, 0x0000000701a00000, 0x0000000701b00000|  0%| F|  |TAMS 0x0000000701a00000, 0x0000000701a00000| Untracked 
|  27|0x0000000701b00000, 0x0000000701b00000, 0x0000000701c00000|  0%| F|  |TAMS 0x0000000701b00000, 0x0000000701b00000| Untracked 
|  28|0x0000000701c00000, 0x0000000701c00000, 0x0000000701d00000|  0%| F|  |TAMS 0x0000000701c00000, 0x0000000701c00000| Untracked 
|  29|0x0000000701d00000, 0x0000000701d00000, 0x0000000701e00000|  0%| F|  |TAMS 0x0000000701d00000, 0x0000000701d00000| Untracked 
|  30|0x0000000701e00000, 0x0000000701e00000, 0x0000000701f00000|  0%| F|  |TAMS 0x0000000701e00000, 0x0000000701e00000| Untracked 
|  31|0x0000000701f00000, 0x0000000701f00000, 0x0000000702000000|  0%| F|  |TAMS 0x0000000701f00000, 0x0000000701f00000| Untracked 
|  32|0x0000000702000000, 0x0000000702000000, 0x0000000702100000|  0%| F|  |TAMS 0x0000000702000000, 0x0000000702000000| Untracked 
|  33|0x0000000702100000, 0x0000000702100000, 0x0000000702200000|  0%| F|  |TAMS 0x0000000702100000, 0x0000000702100000| Untracked 
|  34|0x0000000702200000, 0x0000000702200000, 0x0000000702300000|  0%| F|  |TAMS 0x0000000702200000, 0x0000000702200000| Untracked 
|  35|0x0000000702300000, 0x0000000702300000, 0x0000000702400000|  0%| F|  |TAMS 0x0000000702300000, 0x0000000702300000| Untracked 
|  36|0x0000000702400000, 0x0000000702400000, 0x0000000702500000|  0%| F|  |TAMS 0x0000000702400000, 0x0000000702400000| Untracked 
|  37|0x0000000702500000, 0x0000000702500000, 0x0000000702600000|  0%| F|  |TAMS 0x0000000702500000, 0x0000000702500000| Untracked 
|  38|0x0000000702600000, 0x0000000702600000, 0x0000000702700000|  0%| F|  |TAMS 0x0000000702600000, 0x0000000702600000| Untracked 
|  39|0x0000000702700000, 0x0000000702700000, 0x0000000702800000|  0%| F|  |TAMS 0x0000000702700000, 0x0000000702700000| Untracked 
|  40|0x0000000702800000, 0x0000000702800000, 0x0000000702900000|  0%| F|  |TAMS 0x0000000702800000, 0x0000000702800000| Untracked 
|  41|0x0000000702900000, 0x0000000702900000, 0x0000000702a00000|  0%| F|  |TAMS 0x0000000702900000, 0x0000000702900000| Untracked 
|  42|0x0000000702a00000, 0x0000000702a00000, 0x0000000702b00000|  0%| F|  |TAMS 0x0000000702a00000, 0x0000000702a00000| Untracked 
|  43|0x0000000702b00000, 0x0000000702b00000, 0x0000000702c00000|  0%| F|  |TAMS 0x0000000702b00000, 0x0000000702b00000| Untracked 
|  44|0x0000000702c00000, 0x0000000702c00000, 0x0000000702d00000|  0%| F|  |TAMS 0x0000000702c00000, 0x0000000702c00000| Untracked 
|  45|0x0000000702d00000, 0x0000000702d00000, 0x0000000702e00000|  0%| F|  |TAMS 0x0000000702d00000, 0x0000000702d00000| Untracked 
|  46|0x0000000702e00000, 0x0000000702e00000, 0x0000000702f00000|  0%| F|  |TAMS 0x0000000702e00000, 0x0000000702e00000| Untracked 
|  47|0x0000000702f00000, 0x0000000702f00000, 0x0000000703000000|  0%| F|  |TAMS 0x0000000702f00000, 0x0000000702f00000| Untracked 
|  48|0x0000000703000000, 0x0000000703000000, 0x0000000703100000|  0%| F|  |TAMS 0x0000000703000000, 0x0000000703000000| Untracked 
|  49|0x0000000703100000, 0x0000000703100000, 0x0000000703200000|  0%| F|  |TAMS 0x0000000703100000, 0x0000000703100000| Untracked 
|  50|0x0000000703200000, 0x0000000703200000, 0x0000000703300000|  0%| F|  |TAMS 0x0000000703200000, 0x0000000703200000| Untracked 
|  51|0x0000000703300000, 0x0000000703300000, 0x0000000703400000|  0%| F|  |TAMS 0x0000000703300000, 0x0000000703300000| Untracked 
|  52|0x0000000703400000, 0x0000000703400000, 0x0000000703500000|  0%| F|  |TAMS 0x0000000703400000, 0x0000000703400000| Untracked 
|  53|0x0000000703500000, 0x0000000703500000, 0x0000000703600000|  0%| F|  |TAMS 0x0000000703500000, 0x0000000703500000| Untracked 
|  54|0x0000000703600000, 0x0000000703600000, 0x0000000703700000|  0%| F|  |TAMS 0x0000000703600000, 0x0000000703600000| Untracked 
|  55|0x0000000703700000, 0x0000000703700000, 0x0000000703800000|  0%| F|  |TAMS 0x0000000703700000, 0x0000000703700000| Untracked 
|  56|0x0000000703800000, 0x0000000703800000, 0x0000000703900000|  0%| F|  |TAMS 0x0000000703800000, 0x0000000703800000| Untracked 
|  57|0x0000000703900000, 0x0000000703900000, 0x0000000703a00000|  0%| F|  |TAMS 0x0000000703900000, 0x0000000703900000| Untracked 
|  58|0x0000000703a00000, 0x0000000703a00000, 0x0000000703b00000|  0%| F|  |TAMS 0x0000000703a00000, 0x0000000703a00000| Untracked 
|  59|0x0000000703b00000, 0x0000000703b00000, 0x0000000703c00000|  0%| F|  |TAMS 0x0000000703b00000, 0x0000000703b00000| Untracked 
|  60|0x0000000703c00000, 0x0000000703c00000, 0x0000000703d00000|  0%| F|  |TAMS 0x0000000703c00000, 0x0000000703c00000| Untracked 
|  61|0x0000000703d00000, 0x0000000703d00000, 0x0000000703e00000|  0%| F|  |TAMS 0x0000000703d00000, 0x0000000703d00000| Untracked 
|  62|0x0000000703e00000, 0x0000000703e00000, 0x0000000703f00000|  0%| F|  |TAMS 0x0000000703e00000, 0x0000000703e00000| Untracked 
|  63|0x0000000703f00000, 0x0000000703f00000, 0x0000000704000000|  0%| F|  |TAMS 0x0000000703f00000, 0x0000000703f00000| Untracked 
|  64|0x0000000704000000, 0x0000000704000000, 0x0000000704100000|  0%| F|  |TAMS 0x0000000704000000, 0x0000000704000000| Untracked 
|  65|0x0000000704100000, 0x0000000704100000, 0x0000000704200000|  0%| F|  |TAMS 0x0000000704100000, 0x0000000704100000| Untracked 
|  66|0x0000000704200000, 0x0000000704200000, 0x0000000704300000|  0%| F|  |TAMS 0x0000000704200000, 0x0000000704200000| Untracked 
|  67|0x0000000704300000, 0x0000000704300000, 0x0000000704400000|  0%| F|  |TAMS 0x0000000704300000, 0x0000000704300000| Untracked 
|  68|0x0000000704400000, 0x0000000704400000, 0x0000000704500000|  0%| F|  |TAMS 0x0000000704400000, 0x0000000704400000| Untracked 
|  69|0x0000000704500000, 0x0000000704500000, 0x0000000704600000|  0%| F|  |TAMS 0x0000000704500000, 0x0000000704500000| Untracked 
|  70|0x0000000704600000, 0x0000000704600000, 0x0000000704700000|  0%| F|  |TAMS 0x0000000704600000, 0x0000000704600000| Untracked 
|  71|0x0000000704700000, 0x0000000704700000, 0x0000000704800000|  0%| F|  |TAMS 0x0000000704700000, 0x0000000704700000| Untracked 
|  72|0x0000000704800000, 0x0000000704800000, 0x0000000704900000|  0%| F|  |TAMS 0x0000000704800000, 0x0000000704800000| Untracked 
|  73|0x0000000704900000, 0x0000000704900000, 0x0000000704a00000|  0%| F|  |TAMS 0x0000000704900000, 0x0000000704900000| Untracked 
|  74|0x0000000704a00000, 0x0000000704a00000, 0x0000000704b00000|  0%| F|  |TAMS 0x0000000704a00000, 0x0000000704a00000| Untracked 
|  75|0x0000000704b00000, 0x0000000704b00000, 0x0000000704c00000|  0%| F|  |TAMS 0x0000000704b00000, 0x0000000704b00000| Untracked 
|  76|0x0000000704c00000, 0x0000000704c00000, 0x0000000704d00000|  0%| F|  |TAMS 0x0000000704c00000, 0x0000000704c00000| Untracked 
|  77|0x0000000704d00000, 0x0000000704d00000, 0x0000000704e00000|  0%| F|  |TAMS 0x0000000704d00000, 0x0000000704d00000| Untracked 
|  78|0x0000000704e00000, 0x0000000704e00000, 0x0000000704f00000|  0%| F|  |TAMS 0x0000000704e00000, 0x0000000704e00000| Untracked 
|  79|0x0000000704f00000, 0x0000000704f00000, 0x0000000705000000|  0%| F|  |TAMS 0x0000000704f00000, 0x0000000704f00000| Untracked 
|  80|0x0000000705000000, 0x0000000705000000, 0x0000000705100000|  0%| F|  |TAMS 0x0000000705000000, 0x0000000705000000| Untracked 
|  81|0x0000000705100000, 0x0000000705100000, 0x0000000705200000|  0%| F|  |TAMS 0x0000000705100000, 0x0000000705100000| Untracked 
|  82|0x0000000705200000, 0x0000000705200000, 0x0000000705300000|  0%| F|  |TAMS 0x0000000705200000, 0x0000000705200000| Untracked 
|  83|0x0000000705300000, 0x0000000705300000, 0x0000000705400000|  0%| F|  |TAMS 0x0000000705300000, 0x0000000705300000| Untracked 
|  84|0x0000000705400000, 0x0000000705400000, 0x0000000705500000|  0%| F|  |TAMS 0x0000000705400000, 0x0000000705400000| Untracked 
|  85|0x0000000705500000, 0x0000000705500000, 0x0000000705600000|  0%| F|  |TAMS 0x0000000705500000, 0x0000000705500000| Untracked 
|  86|0x0000000705600000, 0x0000000705600000, 0x0000000705700000|  0%| F|  |TAMS 0x0000000705600000, 0x0000000705600000| Untracked 
|  87|0x0000000705700000, 0x0000000705700000, 0x0000000705800000|  0%| F|  |TAMS 0x0000000705700000, 0x0000000705700000| Untracked 
|  88|0x0000000705800000, 0x0000000705800000, 0x0000000705900000|  0%| F|  |TAMS 0x0000000705800000, 0x0000000705800000| Untracked 
|  89|0x0000000705900000, 0x0000000705900000, 0x0000000705a00000|  0%| F|  |TAMS 0x0000000705900000, 0x0000000705900000| Untracked 
|  90|0x0000000705a00000, 0x0000000705a00000, 0x0000000705b00000|  0%| F|  |TAMS 0x0000000705a00000, 0x0000000705a00000| Untracked 
|  91|0x0000000705b00000, 0x0000000705b00000, 0x0000000705c00000|  0%| F|  |TAMS 0x0000000705b00000, 0x0000000705b00000| Untracked 
|  92|0x0000000705c00000, 0x0000000705c00000, 0x0000000705d00000|  0%| F|  |TAMS 0x0000000705c00000, 0x0000000705c00000| Untracked 
|  93|0x0000000705d00000, 0x0000000705d00000, 0x0000000705e00000|  0%| F|  |TAMS 0x0000000705d00000, 0x0000000705d00000| Untracked 
|  94|0x0000000705e00000, 0x0000000705e00000, 0x0000000705f00000|  0%| F|  |TAMS 0x0000000705e00000, 0x0000000705e00000| Untracked 
|  95|0x0000000705f00000, 0x0000000705f00000, 0x0000000706000000|  0%| F|  |TAMS 0x0000000705f00000, 0x0000000705f00000| Untracked 
|  96|0x0000000706000000, 0x0000000706000000, 0x0000000706100000|  0%| F|  |TAMS 0x0000000706000000, 0x0000000706000000| Untracked 
|  97|0x0000000706100000, 0x0000000706100000, 0x0000000706200000|  0%| F|  |TAMS 0x0000000706100000, 0x0000000706100000| Untracked 
|  98|0x0000000706200000, 0x0000000706200000, 0x0000000706300000|  0%| F|  |TAMS 0x0000000706200000, 0x0000000706200000| Untracked 
|  99|0x0000000706300000, 0x0000000706300000, 0x0000000706400000|  0%| F|  |TAMS 0x0000000706300000, 0x0000000706300000| Untracked 
| 100|0x0000000706400000, 0x0000000706400000, 0x0000000706500000|  0%| F|  |TAMS 0x0000000706400000, 0x0000000706400000| Untracked 
| 101|0x0000000706500000, 0x0000000706500000, 0x0000000706600000|  0%| F|  |TAMS 0x0000000706500000, 0x0000000706500000| Untracked 
| 102|0x0000000706600000, 0x0000000706600000, 0x0000000706700000|  0%| F|  |TAMS 0x0000000706600000, 0x0000000706600000| Untracked 
| 103|0x0000000706700000, 0x0000000706700000, 0x0000000706800000|  0%| F|  |TAMS 0x0000000706700000, 0x0000000706700000| Untracked 
| 104|0x0000000706800000, 0x0000000706800000, 0x0000000706900000|  0%| F|  |TAMS 0x0000000706800000, 0x0000000706800000| Untracked 
| 105|0x0000000706900000, 0x0000000706900000, 0x0000000706a00000|  0%| F|  |TAMS 0x0000000706900000, 0x0000000706900000| Untracked 
| 106|0x0000000706a00000, 0x0000000706a00000, 0x0000000706b00000|  0%| F|  |TAMS 0x0000000706a00000, 0x0000000706a00000| Untracked 
| 107|0x0000000706b00000, 0x0000000706b00000, 0x0000000706c00000|  0%| F|  |TAMS 0x0000000706b00000, 0x0000000706b00000| Untracked 
| 108|0x0000000706c00000, 0x0000000706c00000, 0x0000000706d00000|  0%| F|  |TAMS 0x0000000706c00000, 0x0000000706c00000| Untracked 
| 109|0x0000000706d00000, 0x0000000706d00000, 0x0000000706e00000|  0%| F|  |TAMS 0x0000000706d00000, 0x0000000706d00000| Untracked 
| 110|0x0000000706e00000, 0x0000000706e00000, 0x0000000706f00000|  0%| F|  |TAMS 0x0000000706e00000, 0x0000000706e00000| Untracked 
| 111|0x0000000706f00000, 0x0000000706f00000, 0x0000000707000000|  0%| F|  |TAMS 0x0000000706f00000, 0x0000000706f00000| Untracked 
| 112|0x0000000707000000, 0x0000000707000000, 0x0000000707100000|  0%| F|  |TAMS 0x0000000707000000, 0x0000000707000000| Untracked 
| 113|0x0000000707100000, 0x0000000707100000, 0x0000000707200000|  0%| F|  |TAMS 0x0000000707100000, 0x0000000707100000| Untracked 
| 114|0x0000000707200000, 0x0000000707200000, 0x0000000707300000|  0%| F|  |TAMS 0x0000000707200000, 0x0000000707200000| Untracked 
| 115|0x0000000707300000, 0x0000000707300000, 0x0000000707400000|  0%| F|  |TAMS 0x0000000707300000, 0x0000000707300000| Untracked 
| 116|0x0000000707400000, 0x0000000707400000, 0x0000000707500000|  0%| F|  |TAMS 0x0000000707400000, 0x0000000707400000| Untracked 
| 117|0x0000000707500000, 0x0000000707500000, 0x0000000707600000|  0%| F|  |TAMS 0x0000000707500000, 0x0000000707500000| Untracked 
| 118|0x0000000707600000, 0x0000000707600000, 0x0000000707700000|  0%| F|  |TAMS 0x0000000707600000, 0x0000000707600000| Untracked 
| 119|0x0000000707700000, 0x0000000707700000, 0x0000000707800000|  0%| F|  |TAMS 0x0000000707700000, 0x0000000707700000| Untracked 
| 120|0x0000000707800000, 0x0000000707800000, 0x0000000707900000|  0%| F|  |TAMS 0x0000000707800000, 0x0000000707800000| Untracked 
| 121|0x0000000707900000, 0x0000000707900000, 0x0000000707a00000|  0%| F|  |TAMS 0x0000000707900000, 0x0000000707900000| Untracked 
| 122|0x0000000707a00000, 0x0000000707a00000, 0x0000000707b00000|  0%| F|  |TAMS 0x0000000707a00000, 0x0000000707a00000| Untracked 
| 123|0x0000000707b00000, 0x0000000707b00000, 0x0000000707c00000|  0%| F|  |TAMS 0x0000000707b00000, 0x0000000707b00000| Untracked 
| 124|0x0000000707c00000, 0x0000000707c00000, 0x0000000707d00000|  0%| F|  |TAMS 0x0000000707c00000, 0x0000000707c00000| Untracked 
| 125|0x0000000707d00000, 0x0000000707d00000, 0x0000000707e00000|  0%| F|  |TAMS 0x0000000707d00000, 0x0000000707d00000| Untracked 
| 126|0x0000000707e00000, 0x0000000707e00000, 0x0000000707f00000|  0%| F|  |TAMS 0x0000000707e00000, 0x0000000707e00000| Untracked 
| 127|0x0000000707f00000, 0x0000000707f00000, 0x0000000708000000|  0%| F|  |TAMS 0x0000000707f00000, 0x0000000707f00000| Untracked 
| 128|0x0000000708000000, 0x0000000708000000, 0x0000000708100000|  0%| F|  |TAMS 0x0000000708000000, 0x0000000708000000| Untracked 
| 129|0x0000000708100000, 0x0000000708100000, 0x0000000708200000|  0%| F|  |TAMS 0x0000000708100000, 0x0000000708100000| Untracked 
| 130|0x0000000708200000, 0x0000000708200000, 0x0000000708300000|  0%| F|  |TAMS 0x0000000708200000, 0x0000000708200000| Untracked 
| 131|0x0000000708300000, 0x0000000708300000, 0x0000000708400000|  0%| F|  |TAMS 0x0000000708300000, 0x0000000708300000| Untracked 
| 132|0x0000000708400000, 0x0000000708400000, 0x0000000708500000|  0%| F|  |TAMS 0x0000000708400000, 0x0000000708400000| Untracked 
| 133|0x0000000708500000, 0x0000000708500000, 0x0000000708600000|  0%| F|  |TAMS 0x0000000708500000, 0x0000000708500000| Untracked 
| 134|0x0000000708600000, 0x0000000708600000, 0x0000000708700000|  0%| F|  |TAMS 0x0000000708600000, 0x0000000708600000| Untracked 
| 135|0x0000000708700000, 0x0000000708700000, 0x0000000708800000|  0%| F|  |TAMS 0x0000000708700000, 0x0000000708700000| Untracked 
| 136|0x0000000708800000, 0x0000000708800000, 0x0000000708900000|  0%| F|  |TAMS 0x0000000708800000, 0x0000000708800000| Untracked 
| 137|0x0000000708900000, 0x0000000708900000, 0x0000000708a00000|  0%| F|  |TAMS 0x0000000708900000, 0x0000000708900000| Untracked 
| 138|0x0000000708a00000, 0x0000000708a00000, 0x0000000708b00000|  0%| F|  |TAMS 0x0000000708a00000, 0x0000000708a00000| Untracked 
| 139|0x0000000708b00000, 0x0000000708b00000, 0x0000000708c00000|  0%| F|  |TAMS 0x0000000708b00000, 0x0000000708b00000| Untracked 
| 140|0x0000000708c00000, 0x0000000708c00000, 0x0000000708d00000|  0%| F|  |TAMS 0x0000000708c00000, 0x0000000708c00000| Untracked 
| 141|0x0000000708d00000, 0x0000000708d00000, 0x0000000708e00000|  0%| F|  |TAMS 0x0000000708d00000, 0x0000000708d00000| Untracked 
| 142|0x0000000708e00000, 0x0000000708e00000, 0x0000000708f00000|  0%| F|  |TAMS 0x0000000708e00000, 0x0000000708e00000| Untracked 
| 143|0x0000000708f00000, 0x0000000708f00000, 0x0000000709000000|  0%| F|  |TAMS 0x0000000708f00000, 0x0000000708f00000| Untracked 
| 144|0x0000000709000000, 0x0000000709000000, 0x0000000709100000|  0%| F|  |TAMS 0x0000000709000000, 0x0000000709000000| Untracked 
| 145|0x0000000709100000, 0x0000000709100000, 0x0000000709200000|  0%| F|  |TAMS 0x0000000709100000, 0x0000000709100000| Untracked 
| 146|0x0000000709200000, 0x0000000709200000, 0x0000000709300000|  0%| F|  |TAMS 0x0000000709200000, 0x0000000709200000| Untracked 
| 147|0x0000000709300000, 0x0000000709300000, 0x0000000709400000|  0%| F|  |TAMS 0x0000000709300000, 0x0000000709300000| Untracked 
| 148|0x0000000709400000, 0x0000000709400000, 0x0000000709500000|  0%| F|  |TAMS 0x0000000709400000, 0x0000000709400000| Untracked 
| 149|0x0000000709500000, 0x0000000709500000, 0x0000000709600000|  0%| F|  |TAMS 0x0000000709500000, 0x0000000709500000| Untracked 
| 150|0x0000000709600000, 0x0000000709600000, 0x0000000709700000|  0%| F|  |TAMS 0x0000000709600000, 0x0000000709600000| Untracked 
| 151|0x0000000709700000, 0x0000000709700000, 0x0000000709800000|  0%| F|  |TAMS 0x0000000709700000, 0x0000000709700000| Untracked 
| 152|0x0000000709800000, 0x0000000709800000, 0x0000000709900000|  0%| F|  |TAMS 0x0000000709800000, 0x0000000709800000| Untracked 
| 153|0x0000000709900000, 0x0000000709900000, 0x0000000709a00000|  0%| F|  |TAMS 0x0000000709900000, 0x0000000709900000| Untracked 
| 154|0x0000000709a00000, 0x0000000709a00000, 0x0000000709b00000|  0%| F|  |TAMS 0x0000000709a00000, 0x0000000709a00000| Untracked 
| 155|0x0000000709b00000, 0x0000000709b00000, 0x0000000709c00000|  0%| F|  |TAMS 0x0000000709b00000, 0x0000000709b00000| Untracked 
| 156|0x0000000709c00000, 0x0000000709c00000, 0x0000000709d00000|  0%| F|  |TAMS 0x0000000709c00000, 0x0000000709c00000| Untracked 
| 157|0x0000000709d00000, 0x0000000709d00000, 0x0000000709e00000|  0%| F|  |TAMS 0x0000000709d00000, 0x0000000709d00000| Untracked 
| 158|0x0000000709e00000, 0x0000000709e00000, 0x0000000709f00000|  0%| F|  |TAMS 0x0000000709e00000, 0x0000000709e00000| Untracked 
| 159|0x0000000709f00000, 0x0000000709f00000, 0x000000070a000000|  0%| F|  |TAMS 0x0000000709f00000, 0x0000000709f00000| Untracked 
| 160|0x000000070a000000, 0x000000070a000000, 0x000000070a100000|  0%| F|  |TAMS 0x000000070a000000, 0x000000070a000000| Untracked 
| 161|0x000000070a100000, 0x000000070a100000, 0x000000070a200000|  0%| F|  |TAMS 0x000000070a100000, 0x000000070a100000| Untracked 
| 162|0x000000070a200000, 0x000000070a200000, 0x000000070a300000|  0%| F|  |TAMS 0x000000070a200000, 0x000000070a200000| Untracked 
| 163|0x000000070a300000, 0x000000070a300000, 0x000000070a400000|  0%| F|  |TAMS 0x000000070a300000, 0x000000070a300000| Untracked 
| 164|0x000000070a400000, 0x000000070a400000, 0x000000070a500000|  0%| F|  |TAMS 0x000000070a400000, 0x000000070a400000| Untracked 
| 165|0x000000070a500000, 0x000000070a500000, 0x000000070a600000|  0%| F|  |TAMS 0x000000070a500000, 0x000000070a500000| Untracked 
| 166|0x000000070a600000, 0x000000070a600000, 0x000000070a700000|  0%| F|  |TAMS 0x000000070a600000, 0x000000070a600000| Untracked 
| 167|0x000000070a700000, 0x000000070a700000, 0x000000070a800000|  0%| F|  |TAMS 0x000000070a700000, 0x000000070a700000| Untracked 
| 168|0x000000070a800000, 0x000000070a800000, 0x000000070a900000|  0%| F|  |TAMS 0x000000070a800000, 0x000000070a800000| Untracked 
| 169|0x000000070a900000, 0x000000070a900000, 0x000000070aa00000|  0%| F|  |TAMS 0x000000070a900000, 0x000000070a900000| Untracked 
| 170|0x000000070aa00000, 0x000000070aa00000, 0x000000070ab00000|  0%| F|  |TAMS 0x000000070aa00000, 0x000000070aa00000| Untracked 
| 171|0x000000070ab00000, 0x000000070ab00000, 0x000000070ac00000|  0%| F|  |TAMS 0x000000070ab00000, 0x000000070ab00000| Untracked 
| 172|0x000000070ac00000, 0x000000070ac00000, 0x000000070ad00000|  0%| F|  |TAMS 0x000000070ac00000, 0x000000070ac00000| Untracked 
| 173|0x000000070ad00000, 0x000000070ad00000, 0x000000070ae00000|  0%| F|  |TAMS 0x000000070ad00000, 0x000000070ad00000| Untracked 
| 174|0x000000070ae00000, 0x000000070ae00000, 0x000000070af00000|  0%| F|  |TAMS 0x000000070ae00000, 0x000000070ae00000| Untracked 
| 175|0x000000070af00000, 0x000000070af00000, 0x000000070b000000|  0%| F|  |TAMS 0x000000070af00000, 0x000000070af00000| Untracked 
| 176|0x000000070b000000, 0x000000070b000000, 0x000000070b100000|  0%| F|  |TAMS 0x000000070b000000, 0x000000070b000000| Untracked 
| 177|0x000000070b100000, 0x000000070b100000, 0x000000070b200000|  0%| F|  |TAMS 0x000000070b100000, 0x000000070b100000| Untracked 
| 178|0x000000070b200000, 0x000000070b200000, 0x000000070b300000|  0%| F|  |TAMS 0x000000070b200000, 0x000000070b200000| Untracked 
| 179|0x000000070b300000, 0x000000070b300000, 0x000000070b400000|  0%| F|  |TAMS 0x000000070b300000, 0x000000070b300000| Untracked 
| 180|0x000000070b400000, 0x000000070b400000, 0x000000070b500000|  0%| F|  |TAMS 0x000000070b400000, 0x000000070b400000| Untracked 
| 181|0x000000070b500000, 0x000000070b500000, 0x000000070b600000|  0%| F|  |TAMS 0x000000070b500000, 0x000000070b500000| Untracked 
| 182|0x000000070b600000, 0x000000070b600000, 0x000000070b700000|  0%| F|  |TAMS 0x000000070b600000, 0x000000070b600000| Untracked 
| 183|0x000000070b700000, 0x000000070b700000, 0x000000070b800000|  0%| F|  |TAMS 0x000000070b700000, 0x000000070b700000| Untracked 
| 184|0x000000070b800000, 0x000000070b800000, 0x000000070b900000|  0%| F|  |TAMS 0x000000070b800000, 0x000000070b800000| Untracked 
| 185|0x000000070b900000, 0x000000070b900000, 0x000000070ba00000|  0%| F|  |TAMS 0x000000070b900000, 0x000000070b900000| Untracked 
| 186|0x000000070ba00000, 0x000000070ba00000, 0x000000070bb00000|  0%| F|  |TAMS 0x000000070ba00000, 0x000000070ba00000| Untracked 
| 187|0x000000070bb00000, 0x000000070bb00000, 0x000000070bc00000|  0%| F|  |TAMS 0x000000070bb00000, 0x000000070bb00000| Untracked 
| 188|0x000000070bc00000, 0x000000070bc00000, 0x000000070bd00000|  0%| F|  |TAMS 0x000000070bc00000, 0x000000070bc00000| Untracked 
| 189|0x000000070bd00000, 0x000000070bd00000, 0x000000070be00000|  0%| F|  |TAMS 0x000000070bd00000, 0x000000070bd00000| Untracked 
| 190|0x000000070be00000, 0x000000070be00000, 0x000000070bf00000|  0%| F|  |TAMS 0x000000070be00000, 0x000000070be00000| Untracked 
| 191|0x000000070bf00000, 0x000000070bf00000, 0x000000070c000000|  0%| F|  |TAMS 0x000000070bf00000, 0x000000070bf00000| Untracked 
| 192|0x000000070c000000, 0x000000070c000000, 0x000000070c100000|  0%| F|  |TAMS 0x000000070c000000, 0x000000070c000000| Untracked 
| 193|0x000000070c100000, 0x000000070c100000, 0x000000070c200000|  0%| F|  |TAMS 0x000000070c100000, 0x000000070c100000| Untracked 
| 194|0x000000070c200000, 0x000000070c200000, 0x000000070c300000|  0%| F|  |TAMS 0x000000070c200000, 0x000000070c200000| Untracked 
| 195|0x000000070c300000, 0x000000070c300000, 0x000000070c400000|  0%| F|  |TAMS 0x000000070c300000, 0x000000070c300000| Untracked 
| 196|0x000000070c400000, 0x000000070c400000, 0x000000070c500000|  0%| F|  |TAMS 0x000000070c400000, 0x000000070c400000| Untracked 
| 197|0x000000070c500000, 0x000000070c500000, 0x000000070c600000|  0%| F|  |TAMS 0x000000070c500000, 0x000000070c500000| Untracked 
| 198|0x000000070c600000, 0x000000070c600000, 0x000000070c700000|  0%| F|  |TAMS 0x000000070c600000, 0x000000070c600000| Untracked 
| 199|0x000000070c700000, 0x000000070c700000, 0x000000070c800000|  0%| F|  |TAMS 0x000000070c700000, 0x000000070c700000| Untracked 
| 200|0x000000070c800000, 0x000000070c800000, 0x000000070c900000|  0%| F|  |TAMS 0x000000070c800000, 0x000000070c800000| Untracked 
| 201|0x000000070c900000, 0x000000070c900000, 0x000000070ca00000|  0%| F|  |TAMS 0x000000070c900000, 0x000000070c900000| Untracked 
| 202|0x000000070ca00000, 0x000000070ca00000, 0x000000070cb00000|  0%| F|  |TAMS 0x000000070ca00000, 0x000000070ca00000| Untracked 
| 203|0x000000070cb00000, 0x000000070cb00000, 0x000000070cc00000|  0%| F|  |TAMS 0x000000070cb00000, 0x000000070cb00000| Untracked 
| 204|0x000000070cc00000, 0x000000070cc00000, 0x000000070cd00000|  0%| F|  |TAMS 0x000000070cc00000, 0x000000070cc00000| Untracked 
| 205|0x000000070cd00000, 0x000000070cd00000, 0x000000070ce00000|  0%| F|  |TAMS 0x000000070cd00000, 0x000000070cd00000| Untracked 
| 206|0x000000070ce00000, 0x000000070ce00000, 0x000000070cf00000|  0%| F|  |TAMS 0x000000070ce00000, 0x000000070ce00000| Untracked 
| 207|0x000000070cf00000, 0x000000070cf00000, 0x000000070d000000|  0%| F|  |TAMS 0x000000070cf00000, 0x000000070cf00000| Untracked 
| 208|0x000000070d000000, 0x000000070d000000, 0x000000070d100000|  0%| F|  |TAMS 0x000000070d000000, 0x000000070d000000| Untracked 
| 209|0x000000070d100000, 0x000000070d100000, 0x000000070d200000|  0%| F|  |TAMS 0x000000070d100000, 0x000000070d100000| Untracked 
| 210|0x000000070d200000, 0x000000070d200000, 0x000000070d300000|  0%| F|  |TAMS 0x000000070d200000, 0x000000070d200000| Untracked 
| 211|0x000000070d300000, 0x000000070d300000, 0x000000070d400000|  0%| F|  |TAMS 0x000000070d300000, 0x000000070d300000| Untracked 
| 212|0x000000070d400000, 0x000000070d400000, 0x000000070d500000|  0%| F|  |TAMS 0x000000070d400000, 0x000000070d400000| Untracked 
| 213|0x000000070d500000, 0x000000070d500000, 0x000000070d600000|  0%| F|  |TAMS 0x000000070d500000, 0x000000070d500000| Untracked 
| 214|0x000000070d600000, 0x000000070d600000, 0x000000070d700000|  0%| F|  |TAMS 0x000000070d600000, 0x000000070d600000| Untracked 
| 215|0x000000070d700000, 0x000000070d700000, 0x000000070d800000|  0%| F|  |TAMS 0x000000070d700000, 0x000000070d700000| Untracked 
| 216|0x000000070d800000, 0x000000070d800000, 0x000000070d900000|  0%| F|  |TAMS 0x000000070d800000, 0x000000070d800000| Untracked 
| 217|0x000000070d900000, 0x000000070d900000, 0x000000070da00000|  0%| F|  |TAMS 0x000000070d900000, 0x000000070d900000| Untracked 
| 218|0x000000070da00000, 0x000000070da00000, 0x000000070db00000|  0%| F|  |TAMS 0x000000070da00000, 0x000000070da00000| Untracked 
| 219|0x000000070db00000, 0x000000070db00000, 0x000000070dc00000|  0%| F|  |TAMS 0x000000070db00000, 0x000000070db00000| Untracked 
| 220|0x000000070dc00000, 0x000000070dc00000, 0x000000070dd00000|  0%| F|  |TAMS 0x000000070dc00000, 0x000000070dc00000| Untracked 
| 221|0x000000070dd00000, 0x000000070dd00000, 0x000000070de00000|  0%| F|  |TAMS 0x000000070dd00000, 0x000000070dd00000| Untracked 
| 222|0x000000070de00000, 0x000000070de00000, 0x000000070df00000|  0%| F|  |TAMS 0x000000070de00000, 0x000000070de00000| Untracked 
| 223|0x000000070df00000, 0x000000070df00000, 0x000000070e000000|  0%| F|  |TAMS 0x000000070df00000, 0x000000070df00000| Untracked 
| 224|0x000000070e000000, 0x000000070e000000, 0x000000070e100000|  0%| F|  |TAMS 0x000000070e000000, 0x000000070e000000| Untracked 
| 225|0x000000070e100000, 0x000000070e100000, 0x000000070e200000|  0%| F|  |TAMS 0x000000070e100000, 0x000000070e100000| Untracked 
| 226|0x000000070e200000, 0x000000070e200000, 0x000000070e300000|  0%| F|  |TAMS 0x000000070e200000, 0x000000070e200000| Untracked 
| 227|0x000000070e300000, 0x000000070e300000, 0x000000070e400000|  0%| F|  |TAMS 0x000000070e300000, 0x000000070e300000| Untracked 
| 228|0x000000070e400000, 0x000000070e400000, 0x000000070e500000|  0%| F|  |TAMS 0x000000070e400000, 0x000000070e400000| Untracked 
| 229|0x000000070e500000, 0x000000070e600000, 0x000000070e600000|100%| S|CS|TAMS 0x000000070e500000, 0x000000070e500000| Complete 
| 230|0x000000070e600000, 0x000000070e700000, 0x000000070e700000|100%| S|CS|TAMS 0x000000070e600000, 0x000000070e600000| Complete 
| 231|0x000000070e700000, 0x000000070e800000, 0x000000070e800000|100%| S|CS|TAMS 0x000000070e700000, 0x000000070e700000| Complete 
| 232|0x000000070e800000, 0x000000070e800000, 0x000000070e900000|  0%| F|  |TAMS 0x000000070e800000, 0x000000070e800000| Untracked 
| 233|0x000000070e900000, 0x000000070e900000, 0x000000070ea00000|  0%| F|  |TAMS 0x000000070e900000, 0x000000070e900000| Untracked 
| 234|0x000000070ea00000, 0x000000070ea00000, 0x000000070eb00000|  0%| F|  |TAMS 0x000000070ea00000, 0x000000070ea00000| Untracked 
| 235|0x000000070eb00000, 0x000000070eb00000, 0x000000070ec00000|  0%| F|  |TAMS 0x000000070eb00000, 0x000000070eb00000| Untracked 
| 236|0x000000070ec00000, 0x000000070ec00000, 0x000000070ed00000|  0%| F|  |TAMS 0x000000070ec00000, 0x000000070ec00000| Untracked 
| 237|0x000000070ed00000, 0x000000070ed00000, 0x000000070ee00000|  0%| F|  |TAMS 0x000000070ed00000, 0x000000070ed00000| Untracked 
| 238|0x000000070ee00000, 0x000000070ee00000, 0x000000070ef00000|  0%| F|  |TAMS 0x000000070ee00000, 0x000000070ee00000| Untracked 
| 239|0x000000070ef00000, 0x000000070ef00000, 0x000000070f000000|  0%| F|  |TAMS 0x000000070ef00000, 0x000000070ef00000| Untracked 
| 240|0x000000070f000000, 0x000000070f000000, 0x000000070f100000|  0%| F|  |TAMS 0x000000070f000000, 0x000000070f000000| Untracked 
| 241|0x000000070f100000, 0x000000070f100000, 0x000000070f200000|  0%| F|  |TAMS 0x000000070f100000, 0x000000070f100000| Untracked 
| 242|0x000000070f200000, 0x000000070f200000, 0x000000070f300000|  0%| F|  |TAMS 0x000000070f200000, 0x000000070f200000| Untracked 
| 243|0x000000070f300000, 0x000000070f300000, 0x000000070f400000|  0%| F|  |TAMS 0x000000070f300000, 0x000000070f300000| Untracked 
| 244|0x000000070f400000, 0x000000070f400000, 0x000000070f500000|  0%| F|  |TAMS 0x000000070f400000, 0x000000070f400000| Untracked 
| 245|0x000000070f500000, 0x000000070f500000, 0x000000070f600000|  0%| F|  |TAMS 0x000000070f500000, 0x000000070f500000| Untracked 
| 246|0x000000070f600000, 0x000000070f600000, 0x000000070f700000|  0%| F|  |TAMS 0x000000070f600000, 0x000000070f600000| Untracked 
| 247|0x000000070f700000, 0x000000070f700000, 0x000000070f800000|  0%| F|  |TAMS 0x000000070f700000, 0x000000070f700000| Untracked 
| 248|0x000000070f800000, 0x000000070f800000, 0x000000070f900000|  0%| F|  |TAMS 0x000000070f800000, 0x000000070f800000| Untracked 
| 249|0x000000070f900000, 0x000000070f900000, 0x000000070fa00000|  0%| F|  |TAMS 0x000000070f900000, 0x000000070f900000| Untracked 
| 250|0x000000070fa00000, 0x000000070fa00000, 0x000000070fb00000|  0%| F|  |TAMS 0x000000070fa00000, 0x000000070fa00000| Untracked 
| 251|0x000000070fb00000, 0x000000070fc00000, 0x000000070fc00000|100%| E|  |TAMS 0x000000070fb00000, 0x000000070fb00000| Complete 
| 252|0x000000070fc00000, 0x000000070fd00000, 0x000000070fd00000|100%| E|CS|TAMS 0x000000070fc00000, 0x000000070fc00000| Complete 
| 253|0x000000070fd00000, 0x000000070fe00000, 0x000000070fe00000|100%| E|CS|TAMS 0x000000070fd00000, 0x000000070fd00000| Complete 
| 254|0x000000070fe00000, 0x000000070ff00000, 0x000000070ff00000|100%| E|CS|TAMS 0x000000070fe00000, 0x000000070fe00000| Complete 
| 255|0x000000070ff00000, 0x0000000710000000, 0x0000000710000000|100%| E|CS|TAMS 0x000000070ff00000, 0x000000070ff00000| Complete 

Card table byte_map: [0x000000011012f000,0x000000011092f000] _byte_map_base: 0x000000010c92f000

Marking Bits (Prev, Next): (CMBitMap*) 0x00007fcc1402cc18, (CMBitMap*) 0x00007fcc1402cc50
 Prev Bits: [0x00000001247f2000, 0x00000001287f2000)
 Next Bits: [0x00000001287f2000, 0x000000012c7f2000)

Polling page: 0x000000010d19d000

Metaspace:

Usage:
  Non-class:     13.62 MB capacity,    13.44 MB ( 99%) used,   160.63 KB (  1%) free+waste,    26.88 KB ( <1%) overhead. 
      Class:      1.77 MB capacity,     1.69 MB ( 96%) used,    63.76 KB (  4%) free+waste,    12.88 KB ( <1%) overhead. 
       Both:     15.39 MB capacity,    15.13 MB ( 98%) used,   224.39 KB (  1%) free+waste,    39.75 KB ( <1%) overhead. 

Virtual space:
  Non-class space:       14.00 MB reserved,      13.75 MB ( 98%) committed 
      Class space:        1.00 GB reserved,       1.88 MB ( <1%) committed 
             Both:        1.01 GB reserved,      15.62 MB (  2%) committed 

Chunk freelists:
   Non-Class:  10.50 KB
       Class:  2.00 KB
        Both:  12.50 KB

CodeHeap 'non-profiled nmethods': size=120032Kb used=389Kb max_used=389Kb free=119642Kb
 bounds [0x000000011d2ba000, 0x000000011d52a000, 0x00000001247f2000]
CodeHeap 'profiled nmethods': size=120028Kb used=2400Kb max_used=2400Kb free=117627Kb
 bounds [0x0000000115d83000, 0x0000000115ff3000, 0x000000011d2ba000]
CodeHeap 'non-nmethods': size=5700Kb used=1110Kb max_used=1125Kb free=4589Kb
 bounds [0x00000001157f2000, 0x0000000115a62000, 0x0000000115d83000]
 total_blobs=1959 nmethods=1244 adapters=345
 compilation: enabled
              stopped_count=0, restarted_count=0
 full_count=0

Compilation events (10 events):
Event: 2.055 Thread 0x00007fcc10010000 1252       3       java.io.BufferedInputStream::read1 (108 bytes)
Event: 2.056 Thread 0x00007fcc10010000 nmethod 1252 0x0000000115fd9310 code [0x0000000115fd9560, 0x0000000115fd9e98]
Event: 2.056 Thread 0x00007fcc10010000 1253       3       io.appium.java_client.service.local.ListOutputStream::write (38 bytes)
Event: 2.056 Thread 0x00007fcc10010000 nmethod 1253 0x0000000115fda190 code [0x0000000115fda3a0, 0x0000000115fda9f8]
Event: 2.056 Thread 0x00007fcc10010000 1254   !   3       java.io.PrintStream::write (66 bytes)
Event: 2.057 Thread 0x00007fcc10010000 nmethod 1254 0x0000000115fdab90 code [0x0000000115fdadc0, 0x0000000115fdb5d8]
Event: 2.057 Thread 0x00007fcc10010000 1255  s    3       java.io.BufferedOutputStream::write (35 bytes)
Event: 2.057 Thread 0x00007fcc10010000 nmethod 1255 0x0000000115d9c110 code [0x0000000115d9c2e0, 0x0000000115d9c7e8]
Event: 2.061 Thread 0x00007fcc10010000 1256  s    3       java.io.BufferedInputStream::read (49 bytes)
Event: 2.061 Thread 0x00007fcc10010000 nmethod 1256 0x0000000115fdb910 code [0x0000000115fdbb00, 0x0000000115fdc0b8]

GC Heap History (2 events):
Event: 0.656 GC heap before
{Heap before GC invocations=0 (full 0):
 garbage-first heap   total 262144K, used 23552K [0x0000000700000000, 0x0000000800000000)
  region size 1024K, 24 young (24576K), 0 survivors (0K)
 Metaspace       used 14903K, capacity 15190K, committed 15360K, reserved 1062912K
  class space    used 1669K, capacity 1770K, committed 1792K, reserved 1048576K
}
Event: 0.661 GC heap after
{Heap after GC invocations=1 (full 0):
 garbage-first heap   total 262144K, used 4493K [0x0000000700000000, 0x0000000800000000)
  region size 1024K, 3 young (3072K), 3 survivors (3072K)
 Metaspace       used 14903K, capacity 15190K, committed 15360K, reserved 1062912K
  class space    used 1669K, capacity 1770K, committed 1792K, reserved 1048576K
}

Deoptimization events (10 events):
Event: 0.356 Thread 0x00007fcc12808800 Uncommon trap: reason=bimorphic_or_optimized_type_check action=maybe_recompile pc=0x000000011d2db8f0 method=java.util.HashMap.getNode(ILjava/lang/Object;)Ljava/util/HashMap$Node; @ 126 c2
Event: 0.362 Thread 0x00007fcc12808800 Uncommon trap: reason=bimorphic_or_optimized_type_check action=maybe_recompile pc=0x000000011d2db8f0 method=java.util.HashMap.getNode(ILjava/lang/Object;)Ljava/util/HashMap$Node; @ 126 c2
Event: 0.376 Thread 0x00007fcc12808800 Uncommon trap: reason=bimorphic_or_optimized_type_check action=maybe_recompile pc=0x000000011d2db870 method=java.util.HashMap.getNode(ILjava/lang/Object;)Ljava/util/HashMap$Node; @ 59 c2
Event: 0.376 Thread 0x00007fcc12808800 Uncommon trap: reason=bimorphic_or_optimized_type_check action=maybe_recompile pc=0x000000011d2db870 method=java.util.HashMap.getNode(ILjava/lang/Object;)Ljava/util/HashMap$Node; @ 59 c2
Event: 0.504 Thread 0x00007fcc12808800 Uncommon trap: reason=unstable_if action=reinterpret pc=0x000000011d2ffea0 method=sun.net.www.ParseUtil.firstEncodeIndex(Ljava/lang/String;)I @ 51 c2
Event: 0.551 Thread 0x00007fcc12808800 Uncommon trap: reason=class_check action=maybe_recompile pc=0x000000011d2ef6d0 method=java.util.HashMap.putVal(ILjava/lang/Object;Ljava/lang/Object;ZZ)Ljava/lang/Object; @ 203 c2
Event: 0.588 Thread 0x00007fcc12808800 Uncommon trap: reason=unstable_if action=reinterpret pc=0x000000011d2d3208 method=java.lang.StringCoding.hasNegatives([BII)Z @ 12 c2
Event: 0.597 Thread 0x00007fcc12808800 Uncommon trap: reason=unstable_if action=reinterpret pc=0x000000011d304a94 method=java.io.UnixFileSystem.normalize(Ljava/lang/String;)Ljava/lang/String; @ 34 c2
Event: 0.651 Thread 0x00007fcc1099f000 Uncommon trap: reason=unstable_if action=reinterpret pc=0x000000011d30e05c method=jdk.internal.org.objectweb.asm.Type.getArgumentsAndReturnSizes(Ljava/lang/String;)I @ 88 c2
Event: 0.700 Thread 0x00007fcc12828800 Uncommon trap: reason=unstable_if action=reinterpret pc=0x000000011d310448 method=java.util.concurrent.ConcurrentHashMap.addCount(JI)V @ 121 c2

Classes redefined (0 events):
No events

Internal exceptions (10 events):
Event: 0.651 Thread 0x00007fcc1099f000 Exception <a 'java/lang/NoSuchMethodError'{0x000000070e8c6040}: java.lang.invoke.DirectMethodHandle$Holder.invokeSpecial(Ljava/lang/Object;Ljava/lang/Object;Ljava/lang/Object;Ljava/lang/Object;I)Ljava/lang/Object;> (0x000000070e8c6040) thrown at [/opt/bui
Event: 0.652 Thread 0x00007fcc1099f000 Exception <a 'java/lang/NoSuchMethodError'{0x000000070e8c8df8}: java.lang.invoke.Invokers$Holder.linkToTargetMethod(Ljava/lang/Object;Ljava/lang/Object;ILjava/lang/Object;)Ljava/lang/Object;> (0x000000070e8c8df8) thrown at [/opt/buildAgent/work/64e6ab55ab
Event: 0.760 Thread 0x00007fcc110f1800 Exception <a 'java/net/ConnectException'{0x000000070fd10798}> (0x000000070fd10798) thrown at [/opt/buildAgent/work/64e6ab55ab19e5a9/src/hotspot/share/prims/jni.cpp, line 615]
Event: 0.771 Thread 0x00007fcc110f1800 Exception <a 'java/net/ConnectException'{0x000000070fd11a58}> (0x000000070fd11a58) thrown at [/opt/buildAgent/work/64e6ab55ab19e5a9/src/hotspot/share/prims/jni.cpp, line 615]
Event: 0.792 Thread 0x00007fcc110f1800 Exception <a 'java/net/ConnectException'{0x000000070fd12b48}> (0x000000070fd12b48) thrown at [/opt/buildAgent/work/64e6ab55ab19e5a9/src/hotspot/share/prims/jni.cpp, line 615]
Event: 0.833 Thread 0x00007fcc110f1800 Exception <a 'java/net/ConnectException'{0x000000070fd13c38}> (0x000000070fd13c38) thrown at [/opt/buildAgent/work/64e6ab55ab19e5a9/src/hotspot/share/prims/jni.cpp, line 615]
Event: 0.916 Thread 0x00007fcc110f1800 Exception <a 'java/net/ConnectException'{0x000000070fd14d28}> (0x000000070fd14d28) thrown at [/opt/buildAgent/work/64e6ab55ab19e5a9/src/hotspot/share/prims/jni.cpp, line 615]
Event: 1.079 Thread 0x00007fcc110f1800 Exception <a 'java/net/ConnectException'{0x000000070fd15e18}> (0x000000070fd15e18) thrown at [/opt/buildAgent/work/64e6ab55ab19e5a9/src/hotspot/share/prims/jni.cpp, line 615]
Event: 1.401 Thread 0x00007fcc110f1800 Exception <a 'java/net/ConnectException'{0x000000070fd16f08}> (0x000000070fd16f08) thrown at [/opt/buildAgent/work/64e6ab55ab19e5a9/src/hotspot/share/prims/jni.cpp, line 615]
Event: 1.722 Thread 0x00007fcc110f1800 Exception <a 'java/net/ConnectException'{0x000000070fd17ff8}> (0x000000070fd17ff8) thrown at [/opt/buildAgent/work/64e6ab55ab19e5a9/src/hotspot/share/prims/jni.cpp, line 615]

Events (10 events):
Event: 2.047 loading class sun/net/www/protocol/http/AuthCache done
Event: 2.047 loading class sun/net/www/protocol/http/AuthCacheImpl done
Event: 2.061 loading class sun/net/www/HeaderParser
Event: 2.061 loading class sun/net/www/HeaderParser done
Event: 2.061 loading class sun/net/www/http/KeepAliveStream
Event: 2.062 loading class sun/net/www/http/Hurryable
Event: 2.062 loading class sun/net/www/http/Hurryable done
Event: 2.062 loading class sun/net/www/MeteredStream
Event: 2.062 loading class sun/net/www/MeteredStream done
Event: 2.062 Executing VM operation: Deoptimize


Dynamic libraries:
0x00007fff2d8a4000 	/System/Library/Frameworks/Cocoa.framework/Versions/A/Cocoa
0x00007fff3b09d000 	/System/Library/Frameworks/Security.framework/Versions/A/Security
0x00007fff2c809000 	/System/Library/Frameworks/ApplicationServices.framework/Versions/A/ApplicationServices
0x00007fff67d5a000 	/usr/lib/libz.1.dylib
0x00007fff6581e000 	/usr/lib/libSystem.B.dylib
0x00007fff2e746000 	/System/Library/Frameworks/CoreFoundation.framework/Versions/A/CoreFoundation
0x00007fff30e03000 	/System/Library/Frameworks/Foundation.framework/Versions/C/Foundation
0x00007fff6767e000 	/usr/lib/libobjc.A.dylib
0x00007fff2b9f9000 	/System/Library/Frameworks/AppKit.framework/Versions/C/AppKit
0x00007fff2e228000 	/System/Library/Frameworks/CoreData.framework/Versions/A/CoreData
0x00007fff5f833000 	/System/Library/PrivateFrameworks/UIFoundation.framework/Versions/A/UIFoundation
0x00007fff5a8c7000 	/System/Library/PrivateFrameworks/RemoteViewServices.framework/Versions/A/RemoteViewServices
0x00007fff6238e000 	/System/Library/PrivateFrameworks/XCTTargetBootstrap.framework/Versions/A/XCTTargetBootstrap
0x00007fff2e613000 	/System/Library/Frameworks/CoreDisplay.framework/Versions/A/CoreDisplay
0x00007fff33cbe000 	/System/Library/Frameworks/Metal.framework/Versions/A/Metal
0x00007fff488b4000 	/System/Library/PrivateFrameworks/DesktopServicesPriv.framework/Versions/A/DesktopServicesPriv
0x00007fff66959000 	/usr/lib/liblangid.dylib
0x00007fff47b49000 	/System/Library/PrivateFrameworks/CoreSVG.framework/Versions/A/CoreSVG
0x00007fff5da23000 	/System/Library/PrivateFrameworks/SkyLight.framework/Versions/A/SkyLight
0x00007fff2ebc7000 	/System/Library/Frameworks/CoreGraphics.framework/Versions/A/CoreGraphics
0x00007fff2a3cd000 	/System/Library/Frameworks/Accelerate.framework/Versions/A/Accelerate
0x00007fff67c4b000 	/usr/lib/libxml2.2.dylib
0x00007fff53852000 	/System/Library/PrivateFrameworks/IconServices.framework/Versions/A/IconServices
0x00007fff315e2000 	/System/Library/Frameworks/IOSurface.framework/Versions/A/IOSurface
0x00007fff65348000 	/usr/lib/libDiagnosticMessagesClient.dylib
0x00007fff4870e000 	/System/Library/PrivateFrameworks/DFRFoundation.framework/Versions/A/DFRFoundation
0x00007fff666e8000 	/usr/lib/libicucore.A.dylib
0x00007fff2cb3b000 	/System/Library/Frameworks/AudioToolbox.framework/Versions/A/AudioToolbox
0x00007fff2cc1e000 	/System/Library/Frameworks/AudioUnit.framework/Versions/A/AudioUnit
0x00007fff65a20000 	/usr/lib/libauto.dylib
0x00007fff487b0000 	/System/Library/PrivateFrameworks/DataDetectorsCore.framework/Versions/A/DataDetectorsCore
0x00007fff2d3c5000 	/System/Library/Frameworks/Carbon.framework/Versions/A/Frameworks/HIToolbox.framework/Versions/A/HIToolbox
0x00007fff3a297000 	/System/Library/Frameworks/QuartzCore.framework/Versions/A/QuartzCore
0x00007fff2d704000 	/System/Library/Frameworks/Carbon.framework/Versions/A/Frameworks/SpeechRecognition.framework/Versions/A/SpeechRecognition
0x00007fff48222000 	/System/Library/PrivateFrameworks/CoreUI.framework/Versions/A/CoreUI
0x00007fff2dc93000 	/System/Library/Frameworks/CoreAudio.framework/Versions/A/CoreAudio
0x00007fff30ac2000 	/System/Library/Frameworks/DiskArbitration.framework/Versions/A/DiskArbitration
0x00007fff558a2000 	/System/Library/PrivateFrameworks/MultitouchSupport.framework/Versions/A/MultitouchSupport
0x00007fff665af000 	/usr/lib/libenergytrace.dylib
0x00007fff3153c000 	/System/Library/Frameworks/IOKit.framework/Versions/A/IOKit
0x00007fff2fb2e000 	/System/Library/Frameworks/CoreServices.framework/Versions/A/CoreServices
0x00007fff57a5a000 	/System/Library/PrivateFrameworks/PerformanceAnalysis.framework/Versions/A/PerformanceAnalysis
0x00007fff392ca000 	/System/Library/Frameworks/OpenGL.framework/Versions/A/OpenGL
0x00007fff2d8b2000 	/System/Library/Frameworks/ColorSync.framework/Versions/A/ColorSync
0x00007fff2f24a000 	/System/Library/Frameworks/CoreImage.framework/Versions/A/CoreImage
0x00007fff305a1000 	/System/Library/Frameworks/CoreText.framework/Versions/A/CoreText
0x00007fff31672000 	/System/Library/Frameworks/ImageIO.framework/Versions/A/ImageIO
0x00007fff65b04000 	/usr/lib/libc++.1.dylib
0x00007fff65b80000 	/usr/lib/libcompression.dylib
0x00007fff6568c000 	/usr/lib/libMobileGestalt.dylib
0x00007fff5f59d000 	/System/Library/PrivateFrameworks/TextureIO.framework/Versions/A/TextureIO
0x00007fff65983000 	/usr/lib/libate.dylib
0x00007fff53a5b000 	/System/Library/PrivateFrameworks/InternationalSupport.framework/Versions/A/InternationalSupport
0x00007fff6861b000 	/usr/lib/system/libcache.dylib
0x00007fff68621000 	/usr/lib/system/libcommonCrypto.dylib
0x00007fff6862d000 	/usr/lib/system/libcompiler_rt.dylib
0x00007fff68635000 	/usr/lib/system/libcopyfile.dylib
0x00007fff6863f000 	/usr/lib/system/libcorecrypto.dylib
0x00007fff687de000 	/usr/lib/system/libdispatch.dylib
0x00007fff6881f000 	/usr/lib/system/libdyld.dylib
0x00007fff68856000 	/usr/lib/system/libkeymgr.dylib
0x00007fff68864000 	/usr/lib/system/liblaunch.dylib
0x00007fff68865000 	/usr/lib/system/libmacho.dylib
0x00007fff6886b000 	/usr/lib/system/libquarantine.dylib
0x00007fff6886e000 	/usr/lib/system/libremovefile.dylib
0x00007fff68870000 	/usr/lib/system/libsystem_asl.dylib
0x00007fff68888000 	/usr/lib/system/libsystem_blocks.dylib
0x00007fff68889000 	/usr/lib/system/libsystem_c.dylib
0x00007fff68911000 	/usr/lib/system/libsystem_configuration.dylib
0x00007fff68915000 	/usr/lib/system/libsystem_coreservices.dylib
0x00007fff68919000 	/usr/lib/system/libsystem_darwin.dylib
0x00007fff68922000 	/usr/lib/system/libsystem_dnssd.dylib
0x00007fff6892a000 	/usr/lib/system/libsystem_featureflags.dylib
0x00007fff6892c000 	/usr/lib/system/libsystem_info.dylib
0x00007fff689a7000 	/usr/lib/system/libsystem_m.dylib
0x00007fff689ef000 	/usr/lib/system/libsystem_malloc.dylib
0x00007fff68a17000 	/usr/lib/system/libsystem_networkextension.dylib
0x00007fff68a25000 	/usr/lib/system/libsystem_notify.dylib
0x00007fff68a43000 	/usr/lib/system/libsystem_sandbox.dylib
0x00007fff68a48000 	/usr/lib/system/libsystem_secinit.dylib
0x00007fff6897a000 	/usr/lib/system/libsystem_kernel.dylib
0x00007fff68a2f000 	/usr/lib/system/libsystem_platform.dylib
0x00007fff68a38000 	/usr/lib/system/libsystem_pthread.dylib
0x00007fff68a4b000 	/usr/lib/system/libsystem_symptoms.dylib
0x00007fff68a53000 	/usr/lib/system/libsystem_trace.dylib
0x00007fff68a6b000 	/usr/lib/system/libunwind.dylib
0x00007fff68a71000 	/usr/lib/system/libxpc.dylib
0x00007fff65b57000 	/usr/lib/libc++abi.dylib
0x00007fff6695b000 	/usr/lib/liblzma.5.dylib
0x00007fff665d6000 	/usr/lib/libfakelink.dylib
0x00007fff65910000 	/usr/lib/libarchive.2.dylib
0x00007fff3c14e000 	/System/Library/Frameworks/SystemConfiguration.framework/Versions/A/SystemConfiguration
0x00007fff6527b000 	/usr/lib/libCRFSuite.dylib
0x00007fff2cfb5000 	/System/Library/Frameworks/CFNetwork.framework/Versions/A/CFNetwork
0x00007fff65ae6000 	/usr/lib/libbsm.0.dylib
0x00007fff68857000 	/usr/lib/system/libkxld.dylib
0x00007fff4208b000 	/System/Library/PrivateFrameworks/AppleFSCompression.framework/Versions/A/AppleFSCompression
0x00007fff65e71000 	/usr/lib/libcoretls.dylib
0x00007fff65e88000 	/usr/lib/libcoretls_cfhelpers.dylib
0x00007fff676c4000 	/usr/lib/libpam.2.dylib
0x00007fff677f9000 	/usr/lib/libsqlite3.dylib
0x00007fff67c38000 	/usr/lib/libxar.1.dylib
0x00007fff65af7000 	/usr/lib/libbz2.1.0.dylib
0x00007fff665f7000 	/usr/lib/libiconv.2.dylib
0x00007fff65b6d000 	/usr/lib/libcharset.1.dylib
0x00007fff67161000 	/usr/lib/libnetwork.dylib
0x00007fff676cb000 	/usr/lib/libpcap.A.dylib
0x00007fff658c5000 	/usr/lib/libapple_nghttp2.dylib
0x00007fff2fee5000 	/System/Library/Frameworks/CoreServices.framework/Versions/A/Frameworks/FSEvents.framework/Versions/A/FSEvents
0x00007fff2fbb5000 	/System/Library/Frameworks/CoreServices.framework/Versions/A/Frameworks/CarbonCore.framework/Versions/A/CarbonCore
0x00007fff30129000 	/System/Library/Frameworks/CoreServices.framework/Versions/A/Frameworks/Metadata.framework/Versions/A/Metadata
0x00007fff301c2000 	/System/Library/Frameworks/CoreServices.framework/Versions/A/Frameworks/OSServices.framework/Versions/A/OSServices
0x00007fff301f0000 	/System/Library/Frameworks/CoreServices.framework/Versions/A/Frameworks/SearchKit.framework/Versions/A/SearchKit
0x00007fff2fb2f000 	/System/Library/Frameworks/CoreServices.framework/Versions/A/Frameworks/AE.framework/Versions/A/AE
0x00007fff2feee000 	/System/Library/Frameworks/CoreServices.framework/Versions/A/Frameworks/LaunchServices.framework/Versions/A/LaunchServices
0x00007fff2fe97000 	/System/Library/Frameworks/CoreServices.framework/Versions/A/Frameworks/DictionaryServices.framework/Versions/A/DictionaryServices
0x00007fff30258000 	/System/Library/Frameworks/CoreServices.framework/Versions/A/Frameworks/SharedFileList.framework/Versions/A/SharedFileList
0x00007fff350e9000 	/System/Library/Frameworks/NetFS.framework/Versions/A/NetFS
0x00007fff55dd2000 	/System/Library/PrivateFrameworks/NetAuth.framework/Versions/A/NetAuth
0x00007fff6275b000 	/System/Library/PrivateFrameworks/login.framework/Versions/A/Frameworks/loginsupport.framework/Versions/A/loginsupport
0x00007fff5f068000 	/System/Library/PrivateFrameworks/TCC.framework/Versions/A/TCC
0x00007fff46cbc000 	/System/Library/PrivateFrameworks/CoreNLP.framework/Versions/A/CoreNLP
0x00007fff552cf000 	/System/Library/PrivateFrameworks/MetadataUtilities.framework/Versions/A/MetadataUtilities
0x00007fff66a33000 	/usr/lib/libmecabra.dylib
0x00007fff6698b000 	/usr/lib/libmecab.dylib
0x00007fff665e7000 	/usr/lib/libgermantok.dylib
0x00007fff658ac000 	/usr/lib/libThaiTokenizer.dylib
0x00007fff652b2000 	/usr/lib/libChineseTokenizer.dylib
0x00007fff2a3e5000 	/System/Library/Frameworks/Accelerate.framework/Versions/A/Frameworks/vImage.framework/Versions/A/vImage
0x00007fff2b84f000 	/System/Library/Frameworks/Accelerate.framework/Versions/A/Frameworks/vecLib.framework/Versions/A/vecLib
0x00007fff2b78c000 	/System/Library/Frameworks/Accelerate.framework/Versions/A/Frameworks/vecLib.framework/Versions/A/libvMisc.dylib
0x00007fff2b5b4000 	/System/Library/Frameworks/Accelerate.framework/Versions/A/Frameworks/vecLib.framework/Versions/A/libvDSP.dylib
0x00007fff2aa3c000 	/System/Library/Frameworks/Accelerate.framework/Versions/A/Frameworks/vecLib.framework/Versions/A/libBLAS.dylib
0x00007fff2b178000 	/System/Library/Frameworks/Accelerate.framework/Versions/A/Frameworks/vecLib.framework/Versions/A/libLAPACK.dylib
0x00007fff2b514000 	/System/Library/Frameworks/Accelerate.framework/Versions/A/Frameworks/vecLib.framework/Versions/A/libLinearAlgebra.dylib
0x00007fff2b5a1000 	/System/Library/Frameworks/Accelerate.framework/Versions/A/Frameworks/vecLib.framework/Versions/A/libSparseBLAS.dylib
0x00007fff2b52a000 	/System/Library/Frameworks/Accelerate.framework/Versions/A/Frameworks/vecLib.framework/Versions/A/libQuadrature.dylib
0x00007fff2aca4000 	/System/Library/Frameworks/Accelerate.framework/Versions/A/Frameworks/vecLib.framework/Versions/A/libBNNS.dylib
0x00007fff2b530000 	/System/Library/Frameworks/Accelerate.framework/Versions/A/Frameworks/vecLib.framework/Versions/A/libSparse.dylib
0x00007fff53e43000 	/System/Library/PrivateFrameworks/LanguageModeling.framework/Versions/A/LanguageModeling
0x00007fff4666c000 	/System/Library/PrivateFrameworks/CoreEmoji.framework/Versions/A/CoreEmoji
0x00007fff53f61000 	/System/Library/PrivateFrameworks/LinguisticData.framework/Versions/A/LinguisticData
0x00007fff53f12000 	/System/Library/PrivateFrameworks/Lexicon.framework/Versions/A/Lexicon
0x00007fff65b6e000 	/usr/lib/libcmph.dylib
0x00007fff37cd8000 	/System/Library/Frameworks/OpenDirectory.framework/Versions/A/Frameworks/CFOpenDirectory.framework/Versions/A/CFOpenDirectory
0x00007fff37cf5000 	/System/Library/Frameworks/OpenDirectory.framework/Versions/A/OpenDirectory
0x00007fff40138000 	/System/Library/PrivateFrameworks/APFS.framework/Versions/A/APFS
0x00007fff3b3e7000 	/System/Library/Frameworks/SecurityFoundation.framework/Versions/A/SecurityFoundation
0x00007fff67c34000 	/usr/lib/libutil.dylib
0x00007fff47ba1000 	/System/Library/PrivateFrameworks/CoreServicesStore.framework/Versions/A/CoreServicesStore
0x00007fff3b49e000 	/System/Library/Frameworks/ServiceManagement.framework/Versions/A/ServiceManagement
0x00007fff4385b000 	/System/Library/PrivateFrameworks/BackgroundTaskManagement.framework/Versions/A/BackgroundTaskManagement
0x00007fff67d31000 	/usr/lib/libxslt.1.dylib
0x00007fff426fe000 	/System/Library/PrivateFrameworks/AppleSystemInfo.framework/Versions/A/AppleSystemInfo
0x00007fff3188d000 	/System/Library/Frameworks/ImageIO.framework/Versions/A/Resources/libJPEG.dylib
0x00007fff31b4c000 	/System/Library/Frameworks/ImageIO.framework/Versions/A/Resources/libTIFF.dylib
0x00007fff31b2f000 	/System/Library/Frameworks/ImageIO.framework/Versions/A/Resources/libPng.dylib
0x00007fff317cf000 	/System/Library/Frameworks/ImageIO.framework/Versions/A/Resources/libGIF.dylib
0x00007fff317d3000 	/System/Library/Frameworks/ImageIO.framework/Versions/A/Resources/libJP2.dylib
0x00007fff31b4a000 	/System/Library/Frameworks/ImageIO.framework/Versions/A/Resources/libRadiance.dylib
0x00007fff665b0000 	/usr/lib/libexpat.1.dylib
0x00007fff421e6000 	/System/Library/PrivateFrameworks/AppleJPEG.framework/Versions/A/AppleJPEG
0x00007fff4aeb7000 	/System/Library/PrivateFrameworks/FontServices.framework/libFontParser.dylib
0x00007fff6175d000 	/System/Library/PrivateFrameworks/WatchdogClient.framework/Versions/A/WatchdogClient
0x00007fff5349e000 	/System/Library/PrivateFrameworks/IOAccelerator.framework/Versions/A/IOAccelerator
0x00007fff34059000 	/System/Library/Frameworks/MetalPerformanceShaders.framework/Versions/A/MetalPerformanceShaders
0x00007fff4fc34000 	/System/Library/PrivateFrameworks/GPUWrangler.framework/Versions/A/GPUWrangler
0x00007fff534b3000 	/System/Library/PrivateFrameworks/IOPresentment.framework/Versions/A/IOPresentment
0x00007fff48721000 	/System/Library/PrivateFrameworks/DSExternalDisplay.framework/Versions/A/DSExternalDisplay
0x00007fff38669000 	/System/Library/Frameworks/OpenGL.framework/Versions/A/Libraries/libCoreFSCache.dylib
0x00007fff33da5000 	/System/Library/Frameworks/MetalPerformanceShaders.framework/Frameworks/MPSCore.framework/Versions/A/MPSCore
0x00007fff33de3000 	/System/Library/Frameworks/MetalPerformanceShaders.framework/Frameworks/MPSImage.framework/Versions/A/MPSImage
0x00007fff33eaa000 	/System/Library/Frameworks/MetalPerformanceShaders.framework/Frameworks/MPSNeuralNetwork.framework/Versions/A/MPSNeuralNetwork
0x00007fff33e6e000 	/System/Library/Frameworks/MetalPerformanceShaders.framework/Frameworks/MPSMatrix.framework/Versions/A/MPSMatrix
0x00007fff34009000 	/System/Library/Frameworks/MetalPerformanceShaders.framework/Frameworks/MPSRayIntersector.framework/Versions/A/MPSRayIntersector
0x00007fff33e94000 	/System/Library/Frameworks/MetalPerformanceShaders.framework/Frameworks/MPSNDArray.framework/Versions/A/MPSNDArray
0x00007fff5531c000 	/System/Library/PrivateFrameworks/MetalTools.framework/Versions/A/MetalTools
0x00007fff41312000 	/System/Library/PrivateFrameworks/AggregateDictionary.framework/Versions/A/AggregateDictionary
0x00007fff460b4000 	/System/Library/PrivateFrameworks/CoreAnalytics.framework/Versions/A/CoreAnalytics
0x00007fff4261d000 	/System/Library/PrivateFrameworks/AppleSauce.framework/Versions/A/AppleSauce
0x00007fff6556e000 	/usr/lib/libIOReport.dylib
0x00007fff30759000 	/System/Library/Frameworks/CoreVideo.framework/Versions/A/CoreVideo
0x00007fff510ad000 	/System/Library/PrivateFrameworks/GraphVisualizer.framework/Versions/A/GraphVisualizer
0x00007fff4a3fd000 	/System/Library/PrivateFrameworks/FaceCore.framework/Versions/A/FaceCore
0x00007fff37c7f000 	/System/Library/Frameworks/OpenCL.framework/Versions/A/OpenCL
0x00007fff65390000 	/usr/lib/libFosl_dynamic.dylib
0x00007fff567f2000 	/System/Library/PrivateFrameworks/OTSVG.framework/Versions/A/OTSVG
0x00007fff2c90e000 	/System/Library/Frameworks/ApplicationServices.framework/Versions/A/Frameworks/ATS.framework/Versions/A/Resources/libFontRegistry.dylib
0x00007fff4b088000 	/System/Library/PrivateFrameworks/FontServices.framework/libhvf.dylib
0x00007fff38674000 	/System/Library/Frameworks/OpenGL.framework/Versions/A/Libraries/libGFXShared.dylib
0x00007fff38852000 	/System/Library/Frameworks/OpenGL.framework/Versions/A/Libraries/libGLU.dylib
0x00007fff3867d000 	/System/Library/Frameworks/OpenGL.framework/Versions/A/Libraries/libGL.dylib
0x00007fff38688000 	/System/Library/Frameworks/OpenGL.framework/Versions/A/Libraries/libGLImage.dylib
0x00007fff38666000 	/System/Library/Frameworks/OpenGL.framework/Versions/A/Libraries/libCVMSPluginSupport.dylib
0x00007fff3866f000 	/System/Library/Frameworks/OpenGL.framework/Versions/A/Libraries/libCoreVMClient.dylib
0x00007fff67002000 	/usr/lib/libncurses.5.4.dylib
0x00007fff2c80a000 	/System/Library/Frameworks/ApplicationServices.framework/Versions/A/Frameworks/ATS.framework/Versions/A/ATS
0x00007fff2c9d7000 	/System/Library/Frameworks/ApplicationServices.framework/Versions/A/Frameworks/ColorSyncLegacy.framework/Versions/A/ColorSyncLegacy
0x00007fff2ca75000 	/System/Library/Frameworks/ApplicationServices.framework/Versions/A/Frameworks/HIServices.framework/Versions/A/HIServices
0x00007fff2cacd000 	/System/Library/Frameworks/ApplicationServices.framework/Versions/A/Frameworks/LangAnalysis.framework/Versions/A/LangAnalysis
0x00007fff2cadc000 	/System/Library/Frameworks/ApplicationServices.framework/Versions/A/Frameworks/PrintCore.framework/Versions/A/PrintCore
0x00007fff2cb22000 	/System/Library/Frameworks/ApplicationServices.framework/Versions/A/Frameworks/QD.framework/Versions/A/QD
0x00007fff2cb2d000 	/System/Library/Frameworks/ApplicationServices.framework/Versions/A/Frameworks/SpeechSynthesis.framework/Versions/A/SpeechSynthesis
0x00007fff2c9a7000 	/System/Library/Frameworks/ApplicationServices.framework/Versions/A/Frameworks/ATSUI.framework/Versions/A/ATSUI
0x00007fff66446000 	/usr/lib/libcups.2.dylib
0x00007fff330f4000 	/System/Library/Frameworks/Kerberos.framework/Versions/A/Kerberos
0x00007fff31235000 	/System/Library/Frameworks/GSS.framework/Versions/A/GSS
0x00007fff67785000 	/usr/lib/libresolv.9.dylib
0x00007fff5125a000 	/System/Library/PrivateFrameworks/Heimdal.framework/Versions/A/Heimdal
0x00007fff33107000 	/System/Library/Frameworks/Kerberos.framework/Versions/A/Libraries/libHeimdalProxy.dylib
0x00007fff665ed000 	/usr/lib/libheimdal-asn1.dylib
0x00007fff4554c000 	/System/Library/PrivateFrameworks/CommonAuth.framework/Versions/A/CommonAuth
0x00007fff4279b000 	/System/Library/PrivateFrameworks/AssertionServices.framework/Versions/A/AssertionServices
0x00007fff4333e000 	/System/Library/PrivateFrameworks/AudioToolboxCore.framework/Versions/A/AudioToolboxCore
0x00007fff6240b000 	/System/Library/PrivateFrameworks/caulk.framework/Versions/A/caulk
0x00007fff43907000 	/System/Library/PrivateFrameworks/BaseBoard.framework/Versions/A/BaseBoard
0x00007fff5aa55000 	/System/Library/PrivateFrameworks/RunningBoardServices.framework/Versions/A/RunningBoardServices
0x00007fff57a66000 	/System/Library/PrivateFrameworks/PersistentConnection.framework/Versions/A/PersistentConnection
0x00007fff5a44e000 	/System/Library/PrivateFrameworks/ProtocolBuffer.framework/Versions/A/ProtocolBuffer
0x00007fff45570000 	/System/Library/PrivateFrameworks/CommonUtilities.framework/Versions/A/CommonUtilities
0x00007fff43a95000 	/System/Library/PrivateFrameworks/Bom.framework/Versions/A/Bom
0x00007fff65241000 	/usr/lib/libAudioToolboxUtility.dylib
0x00007fff43865000 	/System/Library/PrivateFrameworks/Backup.framework/Versions/A/Backup
0x00007fff48642000 	/System/Library/PrivateFrameworks/CrashReporterSupport.framework/Versions/A/CrashReporterSupport
0x00007fff5c4e7000 	/System/Library/PrivateFrameworks/Sharing.framework/Versions/A/Sharing
0x00007fff41da9000 	/System/Library/PrivateFrameworks/Apple80211.framework/Versions/A/Apple80211
0x00007fff43582000 	/System/Library/PrivateFrameworks/AuthKit.framework/Versions/A/AuthKit
0x00007fff4834f000 	/System/Library/PrivateFrameworks/CoreUtils.framework/Versions/A/CoreUtils
0x00007fff3079e000 	/System/Library/Frameworks/CoreWLAN.framework/Versions/A/CoreWLAN
0x00007fff313c2000 	/System/Library/Frameworks/IOBluetooth.framework/Versions/A/IOBluetooth
0x00007fff55621000 	/System/Library/PrivateFrameworks/MobileKeyBag.framework/Versions/A/MobileKeyBag
0x00007fff47154000 	/System/Library/PrivateFrameworks/CorePhoneNumbers.framework/Versions/A/CorePhoneNumbers
0x00007fff42199000 	/System/Library/PrivateFrameworks/AppleIDAuthSupport.framework/Versions/A/AppleIDAuthSupport
0x00007fff350f6000 	/System/Library/Frameworks/Network.framework/Versions/A/Network
0x00007fff53cef000 	/System/Library/PrivateFrameworks/KeychainCircle.framework/Versions/A/KeychainCircle
0x00007fff2e1ef000 	/System/Library/Frameworks/CoreBluetooth.framework/Versions/A/CoreBluetooth
0x00007fff5e566000 	/System/Library/PrivateFrameworks/SpeechRecognitionCore.framework/Versions/A/SpeechRecognitionCore
0x000000010ea00000 	/Applications/IntelliJ IDEA CE.app/Contents/jdk/Contents/Home/lib/server/libjvm.dylib
0x000000010d163000 	/Applications/IntelliJ IDEA CE.app/Contents/jdk/Contents/Home/lib/libverify.dylib
0x000000010d16f000 	/Applications/IntelliJ IDEA CE.app/Contents/jdk/Contents/Home/lib/libjava.dylib
0x000000010d19f000 	/Applications/IntelliJ IDEA CE.app/Contents/jdk/Contents/Home/lib/libinstrument.dylib
0x000000010f73e000 	/Applications/IntelliJ IDEA CE.app/Contents/jdk/Contents/Home/lib/libzip.dylib
0x000000010f746000 	/Applications/IntelliJ IDEA CE.app/Contents/jdk/Contents/Home/lib/libjimage.dylib
0x0000000111a47000 	/Applications/IntelliJ IDEA CE.app/Contents/jdk/Contents/Home/lib/libnio.dylib
0x0000000111a55000 	/Applications/IntelliJ IDEA CE.app/Contents/jdk/Contents/Home/lib/libnet.dylib
0x0000000111a69000 	/Applications/IntelliJ IDEA CE.app/Contents/jdk/Contents/Home/lib/libextnet.dylib


VM Arguments:
jvm_args: -ea -Didea.test.cyclic.buffer.size=1048576 -javaagent:/Applications/IntelliJ IDEA CE.app/Contents/lib/idea_rt.jar=58602:/Applications/IntelliJ IDEA CE.app/Contents/bin -Dfile.encoding=UTF-8 
java_command: org.testng.RemoteTestNGStarter -usedefaultlisteners false -socket58601 @w@/private/var/folders/s2/qp_6fl_9243f8qvl993jd2vr0000gp/T/idea_working_dirs_testng1.tmp -temp /private/var/folders/s2/qp_6fl_9243f8qvl993jd2vr0000gp/T/idea_testng1.tmp
java_class_path (initial): /Applications/IntelliJ IDEA CE.app/Contents/lib/idea_rt.jar:/Applications/IntelliJ IDEA CE.app/Contents/plugins/testng/lib/testng-plugin.jar:/Users/ngeorge1/Desktop/Blinkist/comblinkistyahnac/target/test-classes:/Users/ngeorge1/Desktop/Blinkist/comblinkistyahnac/target/classes:/Users/ngeorge1/.m2/repository/io/appium/java-client/3.4.1/java-client-3.4.1.jar:/Users/ngeorge1/.m2/repository/com/google/code/gson/gson/2.6.2/gson-2.6.2.jar:/Users/ngeorge1/.m2/repository/org/apache/httpcomponents/httpclient/4.5.2/httpclient-4.5.2.jar:/Users/ngeorge1/.m2/repository/org/apache/httpcomponents/httpcore/4.4.4/httpcore-4.4.4.jar:/Users/ngeorge1/.m2/repository/commons-logging/commons-logging/1.2/commons-logging-1.2.jar:/Users/ngeorge1/.m2/repository/commons-codec/commons-codec/1.9/commons-codec-1.9.jar:/Users/ngeorge1/.m2/repository/com/google/guava/guava/19.0/guava-19.0.jar:/Users/ngeorge1/.m2/repository/cglib/cglib/3.2.1/cglib-3.2.1.jar:/Users/ngeorge1/.m2/repository/org/ow2/asm/asm/5.0.3/asm-5.0.3.jar:/Users/ngeorge1/.m2/repository/org/apache/ant/ant/1.9.4/ant-1.9.4.jar:/Users/ngeorge1/.m2/repository/org/apache/ant/ant-launcher/1.9.4/ant-launcher-1.9.4.jar:/Users/ngeorge1/.m2/repository/commons-validator/commons-validator/1.5.0/commons-validator-1.5.0.jar:/Users/ngeorge1/.m2/repository/commons-beanutils/commons-beanutils/1.9.2/commons-beanutils-1.9.2.jar:/Users/ngeorge1/.m2/repository/commons-digester/commons-digester/1.8.1/commons-digester-1.8.1.jar:/Users/ngeorge1/.m2/repository/commons-collections/commons-collections/3.2.2/commons-collections-3.2.2.jar:/Users/ngeorge1/.m2/repository/org/apache/commons/commons-lang3/3.4/commons-lang3-3.4.jar:/Users/ngeorge1/.m2/repository/org/seleniumhq/selenium/selenium-java/2.53.0/selenium-java-2.53.0.jar:/Users/ngeorge1/.m2/repository/org/seleniumhq/selenium/selenium-chrome-driver/2.53.0/selenium-chrome-driver-2.53.0.jar:/Users/ngeorge1/.m2/repository/org/seleniumhq/selenium/selenium-remote-driver/2.53.0/seleni
Launcher Type: SUN_STANDARD

[Global flags]
     intx CICompilerCount                          = 4                                         {product} {ergonomic}
     uint ConcGCThreads                            = 3                                         {product} {ergonomic}
     uint G1ConcRefinementThreads                  = 10                                        {product} {ergonomic}
   size_t G1HeapRegionSize                         = 1048576                                   {product} {ergonomic}
    uintx GCDrainStackTargetSize                   = 64                                        {product} {ergonomic}
   size_t InitialHeapSize                          = 268435456                                 {product} {ergonomic}
   size_t MarkStackSize                            = 4194304                                   {product} {ergonomic}
   size_t MaxHeapSize                              = 4294967296                                {product} {ergonomic}
   size_t MaxNewSize                               = 2576351232                                {product} {ergonomic}
   size_t MinHeapDeltaBytes                        = 1048576                                   {product} {ergonomic}
    uintx NonNMethodCodeHeapSize                   = 5835340                                {pd product} {ergonomic}
    uintx NonProfiledCodeHeapSize                  = 122911450                              {pd product} {ergonomic}
    uintx ProfiledCodeHeapSize                     = 122911450                              {pd product} {ergonomic}
    uintx ReservedCodeCacheSize                    = 251658240                              {pd product} {ergonomic}
     bool SegmentedCodeCache                       = true                                      {product} {ergonomic}
     bool UseCompressedClassPointers               = true                                 {lp64_product} {ergonomic}
     bool UseCompressedOops                        = true                                 {lp64_product} {ergonomic}
     bool UseG1GC                                  = true                                      {product} {ergonomic}

Logging:
Log output configuration:
 #0: stdout all=warning uptime,level,tags
 #1: stderr all=off uptime,level,tags

Environment Variables:
PATH=/Users/ngeorge1/.pyenv/versions/3.6.9/bin:/usr/local/Cellar/pyenv/1.2.18/libexec:/Users/ngeorge1/.pyenv/shims:/Library/Frameworks/Python.framework/Versions/3.8/bin:/usr/local/bin:/usr/bin:/bin:/usr/sbin:/sbin:/Library/Apple/usr/bin:/Users/ngeorge1/Library/Android/sdk/tools:/Users/ngeorge1/Library/Android/sdk/platform-tools:/Users/ngeorge1/Downloads/apache-maven-3.6.1/bin:/Users/ngeorge1/bin
SHELL=/bin/bash

Signal Handlers:
SIGSEGV: [libjvm.dylib+0x741030], sa_mask[0]=11111111011111110111111111111111, sa_flags=SA_ONSTACK|SA_RESTART|SA_SIGINFO
SIGBUS: [libjvm.dylib+0x741030], sa_mask[0]=11111111011111110111111111111111, sa_flags=SA_RESTART|SA_SIGINFO
SIGFPE: [libjvm.dylib+0x741030], sa_mask[0]=11111111011111110111111111111111, sa_flags=SA_RESTART|SA_SIGINFO
SIGPIPE: [libjvm.dylib+0x5f35e8], sa_mask[0]=11111111011111110111111111111111, sa_flags=SA_RESTART|SA_SIGINFO
SIGXFSZ: [libjvm.dylib+0x5f35e8], sa_mask[0]=11111111011111110111111111111111, sa_flags=SA_RESTART|SA_SIGINFO
SIGILL: [libjvm.dylib+0x741030], sa_mask[0]=11111111011111110111111111111111, sa_flags=SA_RESTART|SA_SIGINFO
SIGUSR2: [libjvm.dylib+0x5f3bcd], sa_mask[0]=00100000000000000000000000000000, sa_flags=SA_RESTART|SA_SIGINFO
SIGHUP: [libjvm.dylib+0x5f2629], sa_mask[0]=11111111011111110111111111111111, sa_flags=SA_RESTART|SA_SIGINFO
SIGINT: [libjvm.dylib+0x5f2629], sa_mask[0]=11111111011111110111111111111111, sa_flags=SA_RESTART|SA_SIGINFO
SIGTERM: [libjvm.dylib+0x5f2629], sa_mask[0]=11111111011111110111111111111111, sa_flags=SA_RESTART|SA_SIGINFO
SIGQUIT: [libjvm.dylib+0x5f2629], sa_mask[0]=11111111011111110111111111111111, sa_flags=SA_RESTART|SA_SIGINFO


---------------  S Y S T E M  ---------------

OS:uname:Darwin 19.6.0 Darwin Kernel Version 19.6.0: Thu Oct 29 22:56:45 PDT 2020; root:xnu-6153.141.2.2~1/RELEASE_X86_64 x86_64
rlimit: STACK 8192k, CORE 0k, NPROC 2784, NOFILE 10240, AS infinity, DATA infinity, FSIZE infinity
load average:3.40 3.78 3.18

CPU:total 12 (initial active 12) (6 cores per cpu, 2 threads per core) family 6 model 158 stepping 10, cmov, cx8, fxsr, mmx, sse, sse2, sse3, ssse3, sse4.1, sse4.2, popcnt, avx, avx2, aes, clmul, erms, rtm, 3dnowpref, lzcnt, ht, tsc, tscinvbit, bmi1, bmi2, adx, fma

Memory: 4k page, physical 16777216k(1731484k free)

vm_info: OpenJDK 64-Bit Server VM (11.0.2+9-b159.56) for bsd-amd64 JRE (11.0.2+9-b159.56), built on Apr 30 2019 06:09:17 by "builduser" with gcc 4.2.1 Compatible Apple LLVM 9.1.0 (clang-902.0.39.2)

END.
